<?xml version="1.0" encoding="UTF-8"?>
<testng-results skipped="0" failed="0" total="1" passed="1">
  <reporter-output>
  </reporter-output>
  <suite name="Default suite" duration-ms="115090" started-at="2015-09-28T07:16:53Z" finished-at="2015-09-28T07:18:48Z">
    <groups>
      <group name="Module5">
        <method signature="TestLouisPhilippePage.testVerifyForBuyNowInQuickViewFuctionality()[pri:0, instance:com.trendin.tests.TestLouisPhilippePage@61a485d2]" name="testVerifyForBuyNowInQuickViewFuctionality" class="com.trendin.tests.TestLouisPhilippePage"/>
      </group> <!-- Module5 -->
    </groups>
    <test name="Default test" duration-ms="115090" started-at="2015-09-28T07:16:53Z" finished-at="2015-09-28T07:18:48Z">
      <class name="com.trendin.tests.TestLouisPhilippePage">
        <test-method status="PASS" signature="beforeSuite(org.testng.ITestContext)[pri:0, instance:com.trendin.tests.TestLouisPhilippePage@61a485d2]" name="beforeSuite" is-config="true" duration-ms="28" started-at="2015-09-28T12:46:53Z" finished-at="2015-09-28T12:46:53Z">
          <params>
            <param index="0">
              <value>
                <![CDATA[org.testng.TestRunner@3116c353]]>
              </value>
            </param>
          </params>
          <reporter-output>
          </reporter-output>
        </test-method> <!-- beforeSuite -->
        <test-method status="PASS" signature="starting(org.testng.ITestContext)[pri:0, instance:com.trendin.tests.TestLouisPhilippePage@61a485d2]" name="starting" is-config="true" duration-ms="5" started-at="2015-09-28T12:46:53Z" finished-at="2015-09-28T12:46:53Z">
          <params>
            <param index="0">
              <value>
                <![CDATA[org.testng.TestRunner@3116c353]]>
              </value>
            </param>
          </params>
          <reporter-output>
          </reporter-output>
        </test-method> <!-- starting -->
        <test-method status="PASS" signature="start(java.lang.reflect.Method)[pri:0, instance:com.trendin.tests.TestLouisPhilippePage@61a485d2]" name="start" is-config="true" duration-ms="28241" started-at="2015-09-28T12:46:53Z" finished-at="2015-09-28T12:47:21Z">
          <params>
            <param index="0">
              <value>
                <![CDATA[public void com.trendin.tests.TestLouisPhilippePage.testVerifyForBuyNowInQuickViewFuctionality() throws java.lang.Exception]]>
              </value>
            </param>
          </params>
          <reporter-output>
          </reporter-output>
        </test-method> <!-- start -->
        <test-method status="PASS" signature="testVerifyForBuyNowInQuickViewFuctionality()[pri:0, instance:com.trendin.tests.TestLouisPhilippePage@61a485d2]" name="testVerifyForBuyNowInQuickViewFuctionality" duration-ms="85544" started-at="2015-09-28T12:47:21Z" finished-at="2015-09-28T12:48:46Z">
          <reporter-output>
          </reporter-output>
        </test-method> <!-- testVerifyForBuyNowInQuickViewFuctionality -->
        <test-method status="PASS" signature="end(org.testng.ITestResult, [Ljava.lang.Object;)[pri:0, instance:com.trendin.tests.TestLouisPhilippePage@61a485d2]" name="end" is-config="true" duration-ms="1280" started-at="2015-09-28T12:48:46Z" finished-at="2015-09-28T12:48:48Z">
          <params>
            <param index="0">
              <value>
                <![CDATA[[TestResult name=testVerifyForBuyNowInQuickViewFuctionality status=SUCCESS method=TestLouisPhilippePage.testVerifyForBuyNowInQuickViewFuctionality()[pri:0, instance:com.trendin.tests.TestLouisPhilippePage@61a485d2] output={null}]]]>
              </value>
            </param>
            <param index="1">
              <value>
                <![CDATA[[Ljava.lang.Object;@352ff4da]]>
              </value>
            </param>
          </params>
          <reporter-output>
          </reporter-output>
        </test-method> <!-- end -->
        <test-method status="PASS" signature="ending(org.testng.ITestContext)[pri:0, instance:com.trendin.tests.TestLouisPhilippePage@61a485d2]" name="ending" is-config="true" duration-ms="3" started-at="2015-09-28T12:48:48Z" finished-at="2015-09-28T12:48:48Z">
          <params>
            <param index="0">
              <value>
                <![CDATA[org.testng.TestRunner@3116c353]]>
              </value>
            </param>
          </params>
          <reporter-output>
          </reporter-output>
        </test-method> <!-- ending -->
        <test-method status="PASS" signature="finishReport(java.lang.String, java.lang.String)[pri:0, instance:com.trendin.tests.TestLouisPhilippePage@61a485d2]" name="finishReport" is-config="true" duration-ms="203" started-at="2015-09-28T12:48:48Z" finished-at="2015-09-28T12:48:48Z">
          <params>
            <param index="0">
              <value>
                <![CDATA[false]]>
              </value>
            </param>
            <param index="1">
              <value>
                <![CDATA[true]]>
              </value>
            </param>
          </params>
          <reporter-output>
          </reporter-output>
        </test-method> <!-- finishReport -->
      </class> <!-- com.trendin.tests.TestLouisPhilippePage -->
    </test> <!-- Default test -->
  </suite> <!-- Default suite -->
</testng-results>
