<?xml version="1.0" encoding="UTF-8"?>
<!-- Generated by org.testng.reporters.JUnitXMLReporter -->
<testsuite hostname="QualiTest-Hemanth" name="TestHemanth" tests="1" failures="0" timestamp="7 Aug 2015 14:10:27 GMT" time="0.704" errors="0">
  <testcase name="@BeforeTest starting" time="0.0" classname="com.trendin.tests.TestLoginPage">
    <failure type="java.lang.NoClassDefFoundError" message="org/w3c/dom/ElementTraversal">
      <![CDATA[java.lang.NoClassDefFoundError: org/w3c/dom/ElementTraversal
	at java.lang.ClassLoader.defineClass1(Native Method)
	at java.lang.ClassLoader.defineClass(ClassLoader.java:800)
	at java.security.SecureClassLoader.defineClass(SecureClassLoader.java:142)
	at java.net.URLClassLoader.defineClass(URLClassLoader.java:449)
	at java.net.URLClassLoader.access$100(URLClassLoader.java:71)
	at java.net.URLClassLoader$1.run(URLClassLoader.java:361)
	at java.net.URLClassLoader$1.run(URLClassLoader.java:355)
	at java.security.AccessController.doPrivileged(Native Method)
	at java.net.URLClassLoader.findClass(URLClassLoader.java:354)
	at java.lang.ClassLoader.loadClass(ClassLoader.java:425)
	at sun.misc.Launcher$AppClassLoader.loadClass(Launcher.java:308)
	at java.lang.ClassLoader.loadClass(ClassLoader.java:358)
	at org.apache.xerces.parsers.AbstractDOMParser.startDocument(Unknown Source)
	at org.apache.xerces.impl.dtd.XMLDTDValidator.startDocument(Unknown Source)
	at org.apache.xerces.impl.XMLDocumentScannerImpl.startEntity(Unknown Source)
	at org.apache.xerces.impl.XMLVersionDetector.startDocumentParsing(Unknown Source)
	at org.apache.xerces.parsers.XML11Configuration.parse(Unknown Source)
	at org.apache.xerces.parsers.XML11Configuration.parse(Unknown Source)
	at org.apache.xerces.parsers.XMLParser.parse(Unknown Source)
	at org.apache.xerces.parsers.DOMParser.parse(Unknown Source)
	at org.apache.xerces.jaxp.DocumentBuilderImpl.parse(Unknown Source)
	at javax.xml.parsers.DocumentBuilder.parse(DocumentBuilder.java:205)
	at org.openqa.selenium.firefox.internal.FileExtension.readIdFromInstallRdf(FileExtension.java:98)
	at org.openqa.selenium.firefox.internal.FileExtension.writeTo(FileExtension.java:61)
	at org.openqa.selenium.firefox.internal.ClasspathExtension.writeTo(ClasspathExtension.java:64)
	at org.openqa.selenium.firefox.FirefoxProfile.installExtensions(FirefoxProfile.java:441)
	at org.openqa.selenium.firefox.FirefoxProfile.layoutOnDisk(FirefoxProfile.java:419)
	at org.openqa.selenium.firefox.internal.NewProfileExtensionConnection.start(NewProfileExtensionConnection.java:95)
	at org.openqa.selenium.firefox.FirefoxDriver.startClient(FirefoxDriver.java:276)
	at org.openqa.selenium.remote.RemoteWebDriver.<init>(RemoteWebDriver.java:116)
	at org.openqa.selenium.firefox.FirefoxDriver.<init>(FirefoxDriver.java:221)
	at org.openqa.selenium.firefox.FirefoxDriver.<init>(FirefoxDriver.java:216)
	at org.openqa.selenium.firefox.FirefoxDriver.<init>(FirefoxDriver.java:212)
	at com.trendin.core.TrendInTestSuite.setUp(TrendInTestSuite.java:187)
	at com.trendin.core.TrendInTestSuite.starting(TrendInTestSuite.java:167)
Caused by: java.lang.ClassNotFoundException: org.w3c.dom.ElementTraversal
	at java.net.URLClassLoader$1.run(URLClassLoader.java:366)
	at java.net.URLClassLoader$1.run(URLClassLoader.java:355)
	at java.security.AccessController.doPrivileged(Native Method)
	at java.net.URLClassLoader.findClass(URLClassLoader.java:354)
	at java.lang.ClassLoader.loadClass(ClassLoader.java:425)
	at sun.misc.Launcher$AppClassLoader.loadClass(Launcher.java:308)
	at java.lang.ClassLoader.loadClass(ClassLoader.java:358)
	... 57 more
... Removed 22 stack frames]]>
    </failure>
  </testcase> <!-- @BeforeTest starting -->
  <testcase name="@BeforeMethod start" time="0.0" classname="com.trendin.tests.TestLoginPage">
    <skipped/>
  </testcase> <!-- @BeforeMethod start -->
  <testcase name="@AfterTest ending" time="0.0" classname="com.trendin.tests.TestLoginPage">
    <failure type="java.lang.NullPointerException">
      <![CDATA[java.lang.NullPointerException
	at com.trendin.core.TrendInTestSuite.tearDown(TrendInTestSuite.java:225)
	at com.trendin.core.TrendInTestSuite.ending(TrendInTestSuite.java:219)
... Removed 22 stack frames]]>
    </failure>
  </testcase> <!-- @AfterTest ending -->
  <testcase name="loginPageIcon" time="0.003" classname="com.trendin.tests.TestLoginPage">
    <skipped/>
  </testcase> <!-- loginPageIcon -->
</testsuite> <!-- TestHemanth -->
