<?xml version="1.0" encoding="UTF-8"?>
<!-- Generated by org.testng.reporters.JUnitXMLReporter -->
<testsuite hostname="Qualitest-PC" name="TestLoginPage" tests="6" failures="1" timestamp="26 Aug 2015 11:15:14 GMT" time="134.614" errors="0">
  <testcase name="@AfterMethod end" time="0.0" classname="com.trendin.tests.TestLoginPage">
    <failure type="java.lang.NullPointerException">
      <![CDATA[java.lang.NullPointerException
	at com.trendin.core.TrendInTestSuite.end(TrendInTestSuite.java:250)
... Removed 26 stack frames]]>
    </failure>
  </testcase> <!-- @AfterMethod end -->
  <testcase name="@BeforeMethod start" time="0.0" classname="com.trendin.tests.TestLoginPage">
    <skipped/>
  </testcase> <!-- @BeforeMethod start -->
  <testcase name="@AfterMethod end" time="0.0" classname="com.trendin.tests.TestLoginPage">
    <failure type="java.lang.NullPointerException">
      <![CDATA[java.lang.NullPointerException
	at com.trendin.core.TrendInTestSuite.end(TrendInTestSuite.java:249)
... Removed 26 stack frames]]>
    </failure>
  </testcase> <!-- @AfterMethod end -->
  <testcase name="testVerifyLoginPageIconIsDisplayed" time="0.121" classname="com.trendin.tests.TestLoginPage"/>
  <testcase name="testVerifyRegisterPage" time="2.475" classname="com.trendin.tests.TestLoginPage"/>
  <testcase name="testVerifyExistingPage" time="2.386" classname="com.trendin.tests.TestLoginPage"/>
  <testcase name="testExistingUserTextFields" time="108.939" classname="com.trendin.tests.TestLoginPage"/>
  <testcase name="testForgotPasswordClick" time="3.601" classname="com.trendin.tests.TestLoginPage">
    <failure type="com.trendin.core.util.exceptions.POMValidationException" message="Login/Register page is not displayed">
      <![CDATA[com.trendin.core.util.exceptions.POMValidationException: Login/Register page is not displayed
	at com.trendin.core.TrendInTestSuite.assertTrue(TrendInTestSuite.java:330)
	at com.trendin.pages.LoginPage.clickLoginOrRegister(LoginPage.java:99)
	at com.trendin.tests.TestLoginPage.testForgotPasswordClick(TestLoginPage.java:66)
... Removed 24 stack frames]]>
    </failure>
  </testcase> <!-- testForgotPasswordClick -->
  <testcase name="testVerifyForgotPasswordFunctio" time="0.0" classname="com.trendin.tests.TestLoginPage">
    <skipped/>
  </testcase> <!-- testVerifyForgotPasswordFunctio -->
</testsuite> <!-- TestLoginPage -->
