<!DOCTYPE HTML PUBLIC "-//W3C//DTD HTML 4.01 Transitional//EN" "http://www.w3.org/TR/html4/loose.dtd">
<html>
<head>
<title>Automation Test Report</title>
<style type='text/css'>
body, table {font-family: arial,sans-serif; font-size: x-small;}
th  {background: "#FFD630"; color: #000000; text-align: center;} 
th a {color: #000000;}
.open-show {display: table-row;}
.open-hide, .close-hide {display: none;}
.tog-off span:before {content:'[+]';}
.tog-on span:before {content:'[-]';}
.tog-off {font-size: x-large; text-align: center;}
.tog-on {font-size: x-large; text-align: center;}
span {cursor:pointer;}
</style>
<script>function getClassList(t){var e=t.className,s=new Object;return s.elt=t,s.classList=e.split(' '),s.contains=function(t){return this.classList.indexOf(t)>=0},s.remove=function(t){for(var e=[];this.classList.length>0;){var s=this.classList.pop();s!=t&&e.push(s)}this.classList=e,this.elt.className=this.classList.join(' ')},s.add=function(t){this.classList.push(t),this.elt.className=this.classList.join(' ')},s.toggle=function(t){this.contains(t)?this.remove(t):this.add(t)},s.length=s.classList.length,s.item=function(t){return this.classList[t]},s}function tog(t){for(var e=document.getElementsByClassName(t),s=0;s<e.length;++s){var o=e[s],n=getClassList(o);if(o.getAttribute('data-thisclass')==t)n.toggle('open-show'),n.toggle('close-hide');else if(n.contains('open-show'))n.remove('open-show'),n.add('open-hide');else if(n.contains('open-hide')){for(var l=!0,i=0;i<n.length;i++){var a=document.getElementById(n.item(i));if(getClassList(a).contains('close-hide')){l=!1;break}}l&&(n.remove('open-hide'),n.add('open-show'))}}}function openAll(){for(var t=document.getElementsByClassName('tog-off');t.length>0;)t[0].firstElementChild.click()}function closeAll(){openAll();for(var t=document.getElementsByClassName('tog-on');t.length>0;)t[t.length-1].firstElementChild.click()}function togParent(t){getClassList(t.parentNode).toggle('tog-on'),getClassList(t.parentNode).toggle('tog-off')}window.onload=function(){for(var t=document.getElementsByClassName('close-hide-temp');t.length>0;)o=getClassList(t[0]),o.toggle('close-hide-temp'),o.toggle('close-hide');for(var e=document.getElementsByClassName('tog-off-temp');e.length>0;){var s=document.getElementsByClassName(e[0].id),o=getClassList(e[0]);o.toggle('tog-off-temp'),s.length>0&&o.toggle('tog-off')}};</script>
</head>
<body bgcolor="#FFFFFF" topmargin="6" leftmargin="6">
<span id='open-hide'></span><span id='open-show'></span><span id='close-hide'></span>
<hr size="1" noshade>
<div style="text-align:center"><B><h1>Automation Test Report <h1></B></div>
<div style="text-align:center"> <h3> Generated by <a href="http://www.qualitestgroup.com" target="_top">Qualitest Automation Framework</a> using <a href="http://www.testng.org" target="_top">TestNG</a> <h3></div>

<table align="center" cellspacing="0" cellpadding="4" border="1" bordercolor="#FF6600" width="35%"> <font color="#5C5CE6"> <tr> <td bgcolor="#FFD630" width="35%"> <b> Application Name: <b> </td> <td align="center"> <b> <a href="http://www.trendin.com" target="_top"> TrendIn.com <b> </td> </tr> <tr> <td bgcolor="#FFD630" width="35%"> <b> Started at: <b> </td> <td align="center"> <b>Thu Sep 24 11:20:38 IST 2015<b> </td></tr> <tr> <td bgcolor="#FFD630" width="35%"> <b> Run by: <b> </td> <td align="center"> <b>QualiTest-PC\QualiTest<b> </td></tr> </font> </table> <br>


<table cellspacing="0" cellpadding="4" border="1" bordercolor="#224466" width="100%">
<tr bgcolor="#FFD630">
<th>Time</th>
<th>Open <a onclick='openAll()' href='#'>all</a><br />Close <a onclick='closeAll()' href='#'>all</a></th><th> </th><th>Test Case ID</th><th>Test Scenario</th><th>Methods</th><th>Error Message</th><th>Result</th><th>Comments</th>
</tr>
<!--Run from machine with name 'null'--><!--NOT run from jar file--><tr id='lvl1' 
><td>Started: 2015/09/24 11:20:38.647</td>
<td class='tog-off-temp' id='lvl1'><span onclick="tog('lvl1');togParent(this);" href='#lvl1'></a></td>
<td colspan="2">TrendInTestSuite</td><td colspan="3"></td><td></td><td>Test started.</td></tr>
<tr class="lvl1 close-hide-temp" data-thisclass='lvl1' id='lvl2' 
><td>Step: 00:00:00.009<BR>Total: 00:00:00.009</td>
<td class='tog-off-temp' id='lvl2'><span onclick="tog('lvl2');togParent(this);" href='#lvl2'></a></td>
<td bgcolor=#CCCCCC>&ndash;</td><td bgcolor=#CCCCCC>EndToEnd</td><td bgcolor=#CCCCCC></td><td bgcolor=#CCCCCC>[testScenario3, testVerifyCancelOrderPage, testVerifyCouponsAndVouchersFaceBookNavigation, testVerifyCouponsAndVouchersGoogleNavigation, testVerifyLoginOrRegisterFacebookNavigation, testVerifyLoginOrRegisterGoogleNavigation, testVerifyNewlyRegisteredUser, testVerifyOrderPlacingByLogginginInAddressPage, testVerifyOrderPlacingByLogginginInHomePage, testVerifyUserNameInHomePageFromFacebook, testVerifyUserNameInHomePageFromGoogle]</td><td bgcolor=#CCCCCC></td><td bgcolor=#CCCCCC>STARTED</td><td bgcolor=#CCCCCC></td></tr>
<tr class="lvl2 lvl1 close-hide-temp" data-thisclass='lvl2' id='lvl3' 
><td>Step: 00:00:29.194<BR>Total: 00:00:29.203</td>
<td class='tog-off-temp' id='lvl3'><span onclick="tog('lvl3');togParent(this);" href='#lvl3'></a></td>
<td bgcolor=#EEEEEE>&ndash;&ndash;</td><td bgcolor=#EEEEEE>EndToEnd</td><td bgcolor=#EEEEEE>testScenario3</td><td bgcolor=#EEEEEE></td><td bgcolor=#EEEEEE></td><td bgcolor=#EEEEEE>STARTED</td><td bgcolor=#EEEEEE></td></tr>
<tr class="lvl2 lvl1 close-hide-temp" data-thisclass='lvl2' id='~lvl3' 
><td>Step: 00:00:42.729<BR>Total: 00:01:11.932</td>
<td></td>
<td>&ndash;&ndash;</td><td>EndToEnd</td><td>testScenario3</td><td>null</td><td><b> Exception: </b>com.trendin.core.util.exceptions.POMMethodExecException: Cannot display Checkout summary page. <b> Cause: </b></td><td bgcolor=#FF0000>FAIL</td><td><BR><B>Step passed: </B>Successfully clicked on WOMEN<BR><B>Step passed: </B>Successfully clicked on brand :Dresses<BR><B>Step passed: </B>Product header is displayed<BR><B>Step passed: </B>Brand logo is displayed<BR><B>Step passed: </B>Color Option is displayed<BR><B>Step passed: </B>Size Option is displayed<BR><B>Step passed: </B>Product Price is displayed<BR><B>Step passed: </B>30 days return link is displayed<BR><B>Step passed: </B>All India FREE Shipping link is displayed<BR><B>Step passed: </B>Buy Now Button is displayed<BR><B>Step passed: </B>Add to my Bag Button is displayed<BR><B>Step passed: </B>View more details link is displayed<BR><B>Step passed: </B>Successfully clicked on size :XS<BR><B>Step passed: </B>No. of pieces Available text is dispalyed<BR><B>Step passed: </B>Successfully clicked on the Buy Now button - <a href="screenshots/shot_2015-09-24T112150+0530.jpg">Screen Shot</a></td></tr>
<tr class="lvl2 lvl1 close-hide-temp" data-thisclass='lvl2' id='lvl4' 
><td>Step: 00:00:28.471<BR>Total: 00:01:40.403</td>
<td class='tog-off-temp' id='lvl4'><span onclick="tog('lvl4');togParent(this);" href='#lvl4'></a></td>
<td bgcolor=#EEEEEE>&ndash;&ndash;</td><td bgcolor=#EEEEEE>EndToEnd</td><td bgcolor=#EEEEEE>testVerifyCancelOrderPage</td><td bgcolor=#EEEEEE></td><td bgcolor=#EEEEEE></td><td bgcolor=#EEEEEE>STARTED</td><td bgcolor=#EEEEEE></td></tr>
<tr class="lvl2 lvl1 close-hide-temp" data-thisclass='lvl2' id='~lvl4' 
><td>Step: 00:00:22.300<BR>Total: 00:02:02.703</td>
<td></td>
<td>&ndash;&ndash;</td><td>EndToEnd</td><td>testVerifyCancelOrderPage</td><td>null</td><td><b> Exception: </b>com.trendin.core.util.exceptions.POMMethodExecException: Unable to select filter and filter value . <b> Cause: </b>org.openqa.selenium.NoSuchElementException: Unable to locate element: {"method":"xpath","selector":".//div[@id='accordion']/ul/li/a[contains(.,'PRICE')]"}
Command duration or timeout: 3.02 seconds
For documentation on this error, please visit: http://seleniumhq.org/exceptions/no_such_element.html
Build info: version: '2.40.0', revision: 'fbe29a9', time: '2014-02-19 20:55:11'
System info: host: 'QualiTest-PC', ip: '192.168.220.1', os.name: 'Windows 7', os.arch: 'amd64', os.version: '6.1', java.version: '1.8.0_51'
Driver info: org.openqa.selenium.firefox.FirefoxDriver
Capabilities [{applicationCacheEnabled=true, rotatable=false, handlesAlerts=true, databaseEnabled=true, version=31.0, platform=XP, nativeEvents=false, acceptSslCerts=true, webStorageEnabled=true, locationContextEnabled=true, browserName=firefox, takesScreenshot=true, javascriptEnabled=true, cssSelectorsEnabled=true}]
Session ID: c091387e-7898-4214-95b2-d4456228d2c9</td><td bgcolor=#FF0000>FAIL</td><td><BR><B>Step passed: </B>Clicked on Login or Register Button.<BR><B>Validated: </B>Login/Register page is displayed<BR><B>Step passed: </B>Already registered link is clicked<BR><B>Step passed: </B>Existing User Label is verified<BR><B>Step passed: </B>Successfully entered the email: kavya1@gmail.com<BR><B>Step passed: </B>Successfully entered the password: kavya123<BR><B>Step passed: </B>Successfully clicked on the submit button<BR><B>Step passed: </B>Successfully clicked on the home banner - <a href="screenshots/shot_2015-09-24T112241+0530.jpg">Screen Shot</a></td></tr>
<tr class="lvl2 lvl1 close-hide-temp" data-thisclass='lvl2' id='lvl5' 
><td>Step: 00:00:38.889<BR>Total: 00:02:41.592</td>
<td class='tog-off-temp' id='lvl5'><span onclick="tog('lvl5');togParent(this);" href='#lvl5'></a></td>
<td bgcolor=#EEEEEE>&ndash;&ndash;</td><td bgcolor=#EEEEEE>EndToEnd</td><td bgcolor=#EEEEEE>testVerifyCouponsAndVouchersFaceBookNavigation</td><td bgcolor=#EEEEEE></td><td bgcolor=#EEEEEE></td><td bgcolor=#EEEEEE>STARTED</td><td bgcolor=#EEEEEE></td></tr>
<tr class="lvl2 lvl1 close-hide-temp" data-thisclass='lvl2' id='~lvl5' 
><td>Step: 00:02:23.135<BR>Total: 00:05:04.727</td>
<td></td>
<td>&ndash;&ndash;</td><td>EndToEnd</td><td>testVerifyCouponsAndVouchersFaceBookNavigation</td><td>null</td><td><b> Exception: </b>com.trendin.core.util.exceptions.POMMethodExecException: Could not navigated to facebook account. <b> Cause: </b></td><td bgcolor=#FF0000>FAIL</td><td><BR><B>Step passed: </B>Successfully clicked on MEN<BR><B>Step passed: </B>Successfully clicked on brand :Shirts<BR><B>Step passed: </B>Generated random number is : 1<BR><B>Step passed: </B>List of all product elements size is : 24<BR><B>Step passed: </B>clicked on Particular product category.<BR><B>Step passed: </B>Successfully clicked on size :42<BR><B>Step passed: </B>Clicked on Buy now button.<BR><B>Step passed: </B>Successfully clicked on the coupns button<BR><B>Step passed: </B>rgba(42, 86, 122, 1)<BR><B>Step passed: </B>#2a567a<BR><B>Step passed: </B>Successfully verified the color<BR><B>Step passed: </B>SignIn With facebook button is clicked - <a href="screenshots/shot_2015-09-24T112543+0530.jpg">Screen Shot</a></td></tr>
<tr class="lvl2 lvl1 close-hide-temp" data-thisclass='lvl2' id='lvl6' 
><td>Step: 00:00:31.405<BR>Total: 00:05:36.132</td>
<td class='tog-off-temp' id='lvl6'><span onclick="tog('lvl6');togParent(this);" href='#lvl6'></a></td>
<td bgcolor=#EEEEEE>&ndash;&ndash;</td><td bgcolor=#EEEEEE>EndToEnd</td><td bgcolor=#EEEEEE>testVerifyCouponsAndVouchersGoogleNavigation</td><td bgcolor=#EEEEEE></td><td bgcolor=#EEEEEE></td><td bgcolor=#00FF00>PASS</td><td><BR><B>Step passed: </B>Successfully clicked on MEN<BR><B>Step passed: </B>Successfully clicked on brand :Shirts<BR><B>Step passed: </B>Generated random number is : 1<BR><B>Step passed: </B>List of all product elements size is : 24<BR><B>Step passed: </B>clicked on Particular product category.<BR><B>Step passed: </B>Successfully clicked on size :42<BR><B>Step passed: </B>Clicked on Buy now button.<BR><B>Step passed: </B>Successfully clicked on the coupns button<BR><B>Step passed: </B>rgba(223, 74, 50, 1)<BR><B>Step passed: </B>#df4a32<BR><B>Step passed: </B>Successfully verified the color<BR><B>Step passed: </B>Clicked on sign In with google link.<BR><B>Step passed: </B>Google logo is displayed<BR><B>Step passed: </B>Successfully entered the facebook email<BR><B>Step passed: </B>Successfully clicked on the Next button<BR><B>Step passed: </B>Successfully entered the google password<BR><B>Step passed: </B>Successfully clicked on the submit button</td></tr>
<tr class="lvl2 lvl1 close-hide-temp" data-thisclass='lvl2' id='lvl7' 
><td>Step: 00:00:37.731<BR>Total: 00:07:34.872</td>
<td class='tog-off-temp' id='lvl7'><span onclick="tog('lvl7');togParent(this);" href='#lvl7'></a></td>
<td bgcolor=#EEEEEE>&ndash;&ndash;</td><td bgcolor=#EEEEEE>EndToEnd</td><td bgcolor=#EEEEEE>testVerifyLoginOrRegisterFacebookNavigation</td><td bgcolor=#EEEEEE></td><td bgcolor=#EEEEEE></td><td bgcolor=#EEEEEE>STARTED</td><td bgcolor=#EEEEEE></td></tr>
<tr class="lvl2 lvl1 close-hide-temp" data-thisclass='lvl2' id='~lvl7' 
><td>Step: 00:00:25.767<BR>Total: 00:08:00.639</td>
<td></td>
<td>&ndash;&ndash;</td><td>EndToEnd</td><td>testVerifyLoginOrRegisterFacebookNavigation</td><td>null</td><td><b> Exception: </b>com.trendin.core.util.exceptions.POMMethodExecException: Could not navigated to facebook account. <b> Cause: </b></td><td bgcolor=#FF0000>FAIL</td><td><BR><B>Step passed: </B>Clicked on Login or Register Button.<BR><B>Validated: </B>Login/Register page is displayed<BR><B>Step passed: </B>SignIn With facebook button is clicked - <a href="screenshots/shot_2015-09-24T112839+0530.jpg">Screen Shot</a></td></tr>
<tr class="lvl2 lvl1 close-hide-temp" data-thisclass='lvl2' id='lvl8' 
><td>Step: 00:00:23.802<BR>Total: 00:08:24.441</td>
<td class='tog-off-temp' id='lvl8'><span onclick="tog('lvl8');togParent(this);" href='#lvl8'></a></td>
<td bgcolor=#EEEEEE>&ndash;&ndash;</td><td bgcolor=#EEEEEE>EndToEnd</td><td bgcolor=#EEEEEE>testVerifyLoginOrRegisterGoogleNavigation</td><td bgcolor=#EEEEEE></td><td bgcolor=#EEEEEE></td><td bgcolor=#EEEEEE>STARTED</td><td bgcolor=#EEEEEE></td></tr>
<tr class="lvl2 lvl1 close-hide-temp" data-thisclass='lvl2' id='~lvl8' 
><td>Step: 00:00:20.574<BR>Total: 00:08:45.015</td>
<td></td>
<td>&ndash;&ndash;</td><td>EndToEnd</td><td>testVerifyLoginOrRegisterGoogleNavigation</td><td>null</td><td><b> Exception: </b>com.trendin.core.util.exceptions.POMMethodExecException: Could find the webElement to get the Text. <b> Cause: </b>com.trendin.core.util.exceptions.POMMethodExecException: Could not find the matching element</td><td bgcolor=#FF0000>FAIL</td><td><BR><B>Step passed: </B>Clicked on Login or Register Button.<BR><B>Validated: </B>Login/Register page is displayed<BR><B>Step passed: </B>Clicked on sign In with google link.<BR><B>Step passed: </B>Google logo is displayed<BR><B>Step passed: </B>Successfully entered the facebook email<BR><B>Step passed: </B>Successfully clicked on the Next button<BR><B>Step passed: </B>Successfully entered the google password<BR><B>Step passed: </B>Successfully clicked on the submit button - <a href="screenshots/shot_2015-09-24T112923+0530.jpg">Screen Shot</a></td></tr>
<tr class="lvl2 lvl1 close-hide-temp" data-thisclass='lvl2' id='lvl9' 
><td>Step: 00:00:26.207<BR>Total: 00:09:11.222</td>
<td class='tog-off-temp' id='lvl9'><span onclick="tog('lvl9');togParent(this);" href='#lvl9'></a></td>
<td bgcolor=#EEEEEE>&ndash;&ndash;</td><td bgcolor=#EEEEEE>EndToEnd</td><td bgcolor=#EEEEEE>testVerifyNewlyRegisteredUser</td><td bgcolor=#EEEEEE></td><td bgcolor=#EEEEEE></td><td bgcolor=#EEEEEE>STARTED</td><td bgcolor=#EEEEEE></td></tr>
<tr class="lvl2 lvl1 close-hide-temp" data-thisclass='lvl2' id='~lvl9' 
><td>Step: 00:01:28.254<BR>Total: 00:10:39.476</td>
<td></td>
<td>&ndash;&ndash;</td><td>EndToEnd</td><td>testVerifyNewlyRegisteredUser</td><td>null</td><td><b> Exception: </b>com.trendin.core.util.exceptions.POMMethodExecException: Unable to Enter zip code for shipping address page.. <b> Cause: </b></td><td bgcolor=#FF0000>FAIL</td><td><BR><B>Step passed: </B>Clicked on Login or Register Button.<BR><B>Validated: </B>Login/Register page is displayed<BR><B>Step passed: </B>Successfully entered name field :Ravi<BR><B>Step passed: </B>Successfully entered email field :vijayfzvsaadd@cdb.com<BR><B>Step passed: </B>Successfully entered password field :123456<BR><B>Step passed: </B>Successfully entered mobile number field :9685456322<BR><B>Step passed: </B>Successfully clicked on for him link<BR><B>Step passed: </B>Cursor moved to the perticular Mega menu: Men<BR><B>Step passed: </B>Clicked on mega menu category is : Shirts<BR><B>Step passed: </B>Clicked on filter type is: BRAND<BR><B>Step passed: </B>Selected Brand is: Louis Philippe (<BR><B>Step passed: </B>Generated random number is : 1<BR><B>Step passed: </B>List of all product elements size is : 24<BR><B>Step passed: </B>clicked on Particular product category.<BR><B>Step passed: </B>Successfully clicked on size :38<BR><B>Step passed: </B>Clicked on Buy now button.<BR><B>Step passed: </B>Clicked on placed order button. - <a href="screenshots/shot_2015-09-24T113118+0530.jpg">Screen Shot</a></td></tr>
<tr class="lvl2 lvl1 close-hide-temp" data-thisclass='lvl2' id='lvl10' 
><td>Step: 00:01:29.500<BR>Total: 00:12:08.976</td>
<td class='tog-off-temp' id='lvl10'><span onclick="tog('lvl10');togParent(this);" href='#lvl10'></a></td>
<td bgcolor=#EEEEEE>&ndash;&ndash;</td><td bgcolor=#EEEEEE>EndToEnd</td><td bgcolor=#EEEEEE>testVerifyOrderPlacingByLogginginInAddressPage</td><td bgcolor=#EEEEEE></td><td bgcolor=#EEEEEE></td><td bgcolor=#EEEEEE>STARTED</td><td bgcolor=#EEEEEE></td></tr>
<tr class="lvl2 lvl1 close-hide-temp" data-thisclass='lvl2' id='~lvl10' 
><td>Step: 00:00:07.741<BR>Total: 00:12:16.717</td>
<td></td>
<td>&ndash;&ndash;</td><td>EndToEnd</td><td>testVerifyOrderPlacingByLogginginInAddressPage</td><td>null</td><td><b> Exception: </b>com.trendin.core.util.exceptions.POMMethodExecException: Unable to click on quick view of a product category.. <b> Cause: </b>org.openqa.selenium.interactions.MoveTargetOutOfBoundsException: Offset within element cannot be scrolled into view: (0, 0): [object XrayWrapper [object HTMLSpanElement]]
Command duration or timeout: 25 milliseconds
Build info: version: '2.40.0', revision: 'fbe29a9', time: '2014-02-19 20:55:11'
System info: host: 'QualiTest-PC', ip: '192.168.220.1', os.name: 'Windows 7', os.arch: 'amd64', os.version: '6.1', java.version: '1.8.0_51'
Driver info: org.openqa.selenium.firefox.FirefoxDriver
Capabilities [{applicationCacheEnabled=true, rotatable=false, handlesAlerts=true, databaseEnabled=true, version=31.0, platform=XP, nativeEvents=false, acceptSslCerts=true, webStorageEnabled=true, locationContextEnabled=true, browserName=firefox, takesScreenshot=true, javascriptEnabled=true, cssSelectorsEnabled=true}]
Session ID: d6cc4959-aede-416c-b4ea-c2d7519a7345</td><td bgcolor=#FF0000>FAIL</td><td><BR><B>Step passed: </B>Cursor moved to the perticular Mega menu: New Arrivals<BR><B>Step passed: </B>Clicked on mega menu category is : Bottoms<BR><B>Step passed: </B>Generated random number is : 3<BR><B>Step passed: </B>List of all product elements size is : 24 - <a href="screenshots/shot_2015-09-24T113255+0530.jpg">Screen Shot</a></td></tr>
<tr class="lvl2 lvl1 close-hide-temp" data-thisclass='lvl2' id='lvl11' 
><td>Step: 00:00:46.734<BR>Total: 00:13:03.451</td>
<td class='tog-off-temp' id='lvl11'><span onclick="tog('lvl11');togParent(this);" href='#lvl11'></a></td>
<td bgcolor=#EEEEEE>&ndash;&ndash;</td><td bgcolor=#EEEEEE>EndToEnd</td><td bgcolor=#EEEEEE>testVerifyOrderPlacingByLogginginInHomePage</td><td bgcolor=#EEEEEE></td><td bgcolor=#EEEEEE></td><td bgcolor=#EEEEEE>STARTED</td><td bgcolor=#EEEEEE></td></tr>
<tr class="lvl2 lvl1 close-hide-temp" data-thisclass='lvl2' id='~lvl11' 
><td>Step: 00:00:23.013<BR>Total: 00:13:26.464</td>
<td></td>
<td>&ndash;&ndash;</td><td>EndToEnd</td><td>testVerifyOrderPlacingByLogginginInHomePage</td><td>null</td><td><b> Exception: </b>com.trendin.core.util.exceptions.POMMethodExecException: Unable to select filter and filter value . <b> Cause: </b>org.openqa.selenium.NoSuchElementException: Unable to locate element: {"method":"xpath","selector":".//div[@id='accordion']/ul/li/a[contains(.,'PRICE')]"}
Command duration or timeout: 3.06 seconds
For documentation on this error, please visit: http://seleniumhq.org/exceptions/no_such_element.html
Build info: version: '2.40.0', revision: 'fbe29a9', time: '2014-02-19 20:55:11'
System info: host: 'QualiTest-PC', ip: '192.168.220.1', os.name: 'Windows 7', os.arch: 'amd64', os.version: '6.1', java.version: '1.8.0_51'
Driver info: org.openqa.selenium.firefox.FirefoxDriver
Capabilities [{applicationCacheEnabled=true, rotatable=false, handlesAlerts=true, databaseEnabled=true, version=31.0, platform=XP, nativeEvents=false, acceptSslCerts=true, webStorageEnabled=true, locationContextEnabled=true, browserName=firefox, takesScreenshot=true, javascriptEnabled=true, cssSelectorsEnabled=true}]
Session ID: 661d498a-3756-4722-b1f3-2c66d34942f0</td><td bgcolor=#FF0000>FAIL</td><td><BR><B>Validated: </B>Login/Register icon is displayed<BR><B>Step passed: </B>Clicked on Login or Register Button.<BR><B>Validated: </B>Login/Register page is displayed<BR><B>Step passed: </B>Already registered link is clicked<BR><B>Step passed: </B>Existing User Label is verified<BR><B>Step passed: </B>Successfully entered the email: kavya1@gmail.com<BR><B>Step passed: </B>Successfully entered the password: kavya123<BR><B>Step passed: </B>Successfully clicked on the submit button<BR><B>Step passed: </B>Successfully clicked on the home banner - <a href="screenshots/shot_2015-09-24T113405+0530.jpg">Screen Shot</a></td></tr>
<tr class="lvl2 lvl1 close-hide-temp" data-thisclass='lvl2' id='lvl12' 
><td>Step: 00:00:25.716<BR>Total: 00:13:52.180</td>
<td class='tog-off-temp' id='lvl12'><span onclick="tog('lvl12');togParent(this);" href='#lvl12'></a></td>
<td bgcolor=#EEEEEE>&ndash;&ndash;</td><td bgcolor=#EEEEEE>EndToEnd</td><td bgcolor=#EEEEEE>testVerifyUserNameInHomePageFromFacebook</td><td bgcolor=#EEEEEE></td><td bgcolor=#EEEEEE></td><td bgcolor=#EEEEEE>STARTED</td><td bgcolor=#EEEEEE></td></tr>
<tr class="lvl2 lvl1 close-hide-temp" data-thisclass='lvl2' id='~lvl12' 
><td>Step: 00:02:28.634<BR>Total: 00:16:20.814</td>
<td></td>
<td>&ndash;&ndash;</td><td>EndToEnd</td><td>testVerifyUserNameInHomePageFromFacebook</td><td>null</td><td><b> Exception: </b>org.openqa.selenium.remote.UnreachableBrowserException: Error communicating with the remote browser. It may have died.
Build info: version: '2.40.0', revision: 'fbe29a9', time: '2014-02-19 20:55:11'
System info: host: 'QualiTest-PC', ip: '192.168.220.1', os.name: 'Windows 7', os.arch: 'amd64', os.version: '6.1', java.version: '1.8.0_51'
Driver info: driver.version: RemoteWebDriver. <b> Cause: </b>java.net.ConnectException: Connection refused: connect</td><td bgcolor=#FF0000>FAIL</td><td><BR><B>Step passed: </B>Successfully clicked on MEN<BR><B>Step passed: </B>Successfully clicked on brand :Shirts<BR><B>Step passed: </B>Generated random number is : 1<BR><B>Step passed: </B>List of all product elements size is : 24<BR><B>Step passed: </B>clicked on Particular product category.<BR><B>Step passed: </B>Successfully clicked on size :42<BR><B>Step passed: </B>Successfully clicked on the Buy Now button<BR><B>Step passed: </B> Checkout Summary Page is displayed and product is added in the summary page<BR><B>Step passed: </B>Successfully clicked on Place Order Button<BR><B>Step passed: </B>Entered email id is: c13969bb5c4e4580a5258bb6c17c0cea@gmail.com<BR><B>Step passed: </B>Successfully clicked on Continue Button<BR><B>Step passed: </B>Successfully entered the zip/Postal Code<BR><B>Step passed: </B>Successfully clicked on Check Button<BR><B>Step passed: </B>The messageWe deliver to 560090 pincode. is displayed <BR><B>Step passed: </B>Title is displayed<BR><B>Validated: </B>Mr Radio Button is displayed<BR><B>Validated: </B>Ms Radio Button is displayed<BR><B>Step passed: </B>First Name field is displayed<BR><B>Step passed: </B>Last Name field is displayed<BR><B>Step passed: </B>Address line 1 field is displayed<BR><B>Step passed: </B>Address line 2 field is displayed<BR><B>Step passed: </B>Address line 3 field is displayed<BR><B>Step passed: </B>LandMark field is displayed<BR><B>Step passed: </B>Mobile number field is displayed<BR><B>Step passed: </B>State field is displayed<BR><B>Step passed: </B>City field is displayed<BR><B>Step passed: </B>Country field is displayed<BR><B>Step passed: </B>Successfully clicked on MS. Radio button <BR><B>Step passed: </B>Entered first name is: Sowmya<BR><B>Step passed: </B>Entered Last name is: HM<BR><B>Step passed: </B>Entered Address Line1 is: Ganesh Block<BR><B>Step passed: </B>Entered Address Line2 is: Dinnur main Road<BR><B>Step passed: </B>Entered Address Line3 is: R T Nagar<BR><B>Step passed: </B>Entered Address Land mark is: Near SBM bank<BR><B>Step passed: </B>Entered Mobile number is: 9900876534<BR><B>Step passed: </B>clicked on save and continue Button.<BR><B>Step passed: </B>Clicked on cash and delivery radio button.<BR><B>Step passed: </B>Captcha code is : 73092<BR><B>Step passed: </B>Entered captcha code is : 73092<BR><B>Step passed: </B>Actual message is same as expected message: Account verified.<BR><B>Step passed: </B>Clicked on placed order button.<BR><B>Step passed: </B>Successfully clicked on Order Number<BR><B>Validated: </B>Login page is displayed<BR><B>Step passed: </B>New user radio button is displayed<BR><B>Step passed: </B>Existing user radio button is displayed<BR><B>Step passed: </B>Successfully verified login page<BR><B>Step passed: </B>Existing user label is displayed<BR><B>Step passed: </B>Email id field is displayed<BR><B>Step passed: </B>Password field is displayed<BR><B>Step passed: </B>Submit button is displayed<BR><B>Step passed: </B>Forgot password link is displayed<BR><B>Step passed: </B>Successfully clicked on new user radio button<BR><B>Step passed: </B>Successfully verified login page<BR><B>Step passed: </B>New User Label is displayed<BR><B>Step passed: </B>First name text field is displayed<BR><B>Step passed: </B>Email id text field is displayed<BR><B>Step passed: </B>Password text field is displayed<BR><B>Step passed: </B>Mobile number text field is displayed<BR><B>Step passed: </B>I agree with terms of use and privacy policy is displayed<BR><B>Step passed: </B>Register button is displayed<BR><B>Step passed: </B>Sign in with google button is displayed<BR><B>Step passed: </B>Connect using facebook button is displayed<BR><B>Step passed: </B>Sign up with label is displayed<BR><B>Step passed: </B>Connect using facebook button is clicked - <a href="screenshots/shot_2015-09-24T113659+0530.jpg">Screen Shot</a></td></tr>
