<?xml version="1.0" encoding="UTF-8"?>
<!-- Generated by org.testng.reporters.JUnitXMLReporter -->
<testsuite hostname="Qualitest-PC" name="ChangePasswordPage" tests="12" failures="0" timestamp="1 Sep 2015 06:35:13 GMT" time="739.323" errors="0">
  <testcase name="testChangePasswordAccountPage" time="21.928" classname="com.trendin.tests.TestChangePasswordPage"/>
  <testcase name="testModifyOldPassword" time="24.853" classname="com.trendin.tests.TestChangePasswordPage"/>
  <testcase name="testvalidateErrorMessageForPasswordField" time="22.709" classname="com.trendin.tests.TestChangePasswordPage"/>
  <testcase name="testvalidateErrorMessageForPasswordTextfields" time="17.35" classname="com.trendin.tests.TestChangePasswordPage"/>
  <testcase name="testvalidateErrorMessageForEmptyPasswordField" time="21.251" classname="com.trendin.tests.TestChangePasswordPage"/>
  <testcase name="testValidateInvalidOldPassword" time="24.608" classname="com.trendin.tests.TestChangePasswordPage"/>
  <testcase name="testvalidateInvalidMismatchNewAndCofirmPassword" time="21.435" classname="com.trendin.tests.TestChangePasswordPage"/>
  <testcase name="testValidateInvalidCofirmPassword" time="19.076" classname="com.trendin.tests.TestChangePasswordPage"/>
  <testcase name="testValidateInvalidNewPasswordTextField" time="18.824" classname="com.trendin.tests.TestChangePasswordPage"/>
  <testcase name="testValidateNewPasswordTextField" time="18.455" classname="com.trendin.tests.TestChangePasswordPage"/>
  <testcase name="testValidateNewPasswordField" time="19.368" classname="com.trendin.tests.TestChangePasswordPage"/>
  <testcase name="testModifyOldPasswordPreRequisite" time="18.684" classname="com.trendin.tests.TestChangePasswordPage"/>
</testsuite> <!-- ChangePasswordPage -->
