<?xml version="1.0" encoding="UTF-8"?>
<!-- Generated by org.testng.reporters.JUnitXMLReporter -->
<testsuite hostname="QualiTest-PC" name="LoginPage" tests="18" failures="1" timestamp="14 Sep 2015 14:17:23 GMT" time="436.038" errors="0">
  <testcase name="@AfterMethod end" time="0.0" classname="com.trendin.tests.TestLoginPage">
    <failure type="java.lang.NullPointerException">
      <![CDATA[java.lang.NullPointerException
	at com.trendin.core.TrendInTestSuite.end(TrendInTestSuite.java:254)
... Removed 26 stack frames]]>
    </failure>
  </testcase> <!-- @AfterMethod end -->
  <testcase name="@BeforeMethod start" time="0.0" classname="com.trendin.tests.TestLoginPage">
    <skipped/>
  </testcase> <!-- @BeforeMethod start -->
  <testcase name="@AfterMethod end" time="0.0" classname="com.trendin.tests.TestLoginPage">
    <failure type="java.lang.NullPointerException">
      <![CDATA[java.lang.NullPointerException
	at com.trendin.core.TrendInTestSuite.end(TrendInTestSuite.java:253)
... Removed 25 stack frames]]>
    </failure>
  </testcase> <!-- @AfterMethod end -->
  <testcase name="@BeforeMethod start" time="0.0" classname="com.trendin.tests.TestLoginPage">
    <skipped/>
  </testcase> <!-- @BeforeMethod start -->
  <testcase name="@AfterMethod end" time="0.0" classname="com.trendin.tests.TestLoginPage">
    <failure type="java.lang.NullPointerException">
      <![CDATA[java.lang.NullPointerException
	at com.trendin.core.TrendInTestSuite.end(TrendInTestSuite.java:253)
... Removed 25 stack frames]]>
    </failure>
  </testcase> <!-- @AfterMethod end -->
  <testcase name="testValidationMobileNumber" time="16.846" classname="com.trendin.tests.TestLoginPage"/>
  <testcase name="testSignUpPasswordField" time="6.686" classname="com.trendin.tests.TestLoginPage"/>
  <testcase name="testLoginPageIconClick" time="2.174" classname="com.trendin.tests.TestLoginPage"/>
  <testcase name="testValidateSignUpPageFunctionality" time="3.496" classname="com.trendin.tests.TestLoginPage"/>
  <testcase name="testValidateUsernameTextfield" time="5.787" classname="com.trendin.tests.TestLoginPage"/>
  <testcase name="testValidateMailIdTextfield" time="7.674" classname="com.trendin.tests.TestLoginPage"/>
  <testcase name="testValidateMailIdField" time="12.744" classname="com.trendin.tests.TestLoginPage"/>
  <testcase name="testValidatePasswordField" time="5.098" classname="com.trendin.tests.TestLoginPage"/>
  <testcase name="testValidationTermsOfUse" time="3.696" classname="com.trendin.tests.TestLoginPage"/>
  <testcase name="testValidationPrivacyPolicy" time="4.632" classname="com.trendin.tests.TestLoginPage"/>
  <testcase name="testValidationBlankFieldsInLoginPage" time="2.737" classname="com.trendin.tests.TestLoginPage"/>
  <testcase name="testValidationIAgreeTermsCheckB" time="5.957" classname="com.trendin.tests.TestLoginPage"/>
  <testcase name="testValidationExistingUserLoginPage" time="2.733" classname="com.trendin.tests.TestLoginPage"/>
  <testcase name="testValidateSignInWithGoogleButton" time="7.522" classname="com.trendin.tests.TestLoginPage"/>
  <testcase name="testValidateSignInWithFacebookButton" time="8.708" classname="com.trendin.tests.TestLoginPage"/>
  <testcase name="testVerifyForSignInWithGoogleInLoginPage" time="5.458" classname="com.trendin.tests.TestLoginPage">
    <failure type="com.trendin.core.util.exceptions.POMMethodExecException" message="Could not navigated to google account">
      <![CDATA[com.trendin.core.util.exceptions.POMMethodExecException: Could not navigated to google account
	at com.trendin.pages.LoginPage.verifyForSignInWithGoogleInLoginPage(LoginPage.java:6621)
	at com.trendin.tests.TestLoginPage.testVerifyForSignInWithGoogleInLoginPage(TestLoginPage.java:363)
... Removed 24 stack frames]]>
    </failure>
  </testcase> <!-- testVerifyForSignInWithGoogleInLoginPage -->
  <testcase name="testVerifyForSignInWithFacebookInLoginPage" time="0.0" classname="com.trendin.tests.TestLoginPage">
    <skipped/>
  </testcase> <!-- testVerifyForSignInWithFacebookInLoginPage -->
  <testcase name="testVerifyNewToTrendinLink" time="0.0" classname="com.trendin.tests.TestLoginPage">
    <skipped/>
  </testcase> <!-- testVerifyNewToTrendinLink -->
</testsuite> <!-- LoginPage -->
