<?xml version="1.0" encoding="UTF-8"?>
<!-- Generated by org.testng.reporters.JUnitXMLReporter -->
<testsuite hostname="Qualitest-PC" name="NormalUserRegisterPage" tests="19" failures="0" timestamp="27 Aug 2015 13:40:19 GMT" time="988.827" errors="0">
  <testcase name="testClickNewTrendIn" time="2.935" classname="com.trendin.tests.TestLoginPage"/>
  <testcase name="testCloseButton" time="2.557" classname="com.trendin.tests.TestLoginPage"/>
  <testcase name="testCloseButtonForgotPassword" time="2.957" classname="com.trendin.tests.TestLoginPage"/>
  <testcase name="testDropDownUserName" time="8.335" classname="com.trendin.tests.TestLoginPage"/>
  <testcase name="testExistingUserTextFields" time="107.992" classname="com.trendin.tests.TestLoginPage"/>
  <testcase name="testForgotPasswordClick" time="5.596" classname="com.trendin.tests.TestLoginPage"/>
  <testcase name="testMyAccountClick" time="23.583" classname="com.trendin.tests.TestLoginPage"/>
  <testcase name="testMyOrder" time="20.527" classname="com.trendin.tests.TestLoginPage"/>
  <testcase name="testRefreshButton" time="2.6" classname="com.trendin.tests.TestLoginPage"/>
  <testcase name="testReturn" time="18.882" classname="com.trendin.tests.TestLoginPage"/>
  <testcase name="testUserName" time="15.883" classname="com.trendin.tests.TestLoginPage"/>
  <testcase name="testVerifyExistingPage" time="2.501" classname="com.trendin.tests.TestLoginPage"/>
  <testcase name="testVerifyForgotPasswordFunctio" time="187.658" classname="com.trendin.tests.TestLoginPage"/>
  <testcase name="testVerifyLoginPageIconIsDisplayed" time="0.055" classname="com.trendin.tests.TestLoginPage"/>
  <testcase name="testVerifyLoginPageIsDisplayed" time="0.063" classname="com.trendin.tests.TestLoginPage"/>
  <testcase name="testVerifyLogoutFunctionality" time="9.606" classname="com.trendin.tests.TestLoginPage"/>
  <testcase name="testVerifyRegisterPage" time="2.48" classname="com.trendin.tests.TestLoginPage"/>
  <testcase name="testVerifySignUpGoogle" time="6.837" classname="com.trendin.tests.TestLoginPage"/>
  <testcase name="testverifySignUpFacebook" time="13.294" classname="com.trendin.tests.TestLoginPage"/>
</testsuite> <!-- NormalUserRegisterPage -->
