<?xml version="1.0" encoding="UTF-8"?>
<!-- Generated by org.testng.reporters.JUnitXMLReporter -->
<testsuite hostname="Qualitest-PC" name="NormalUser" tests="19" failures="1" timestamp="27 Aug 2015 12:27:06 GMT" time="1058.719" errors="0">
  <testcase name="testClickNewTrendIn" time="2.87" classname="com.trendin.tests.TestLoginPage"/>
  <testcase name="testCloseButton" time="2.671" classname="com.trendin.tests.TestLoginPage"/>
  <testcase name="testCloseButtonForgotPassword" time="2.574" classname="com.trendin.tests.TestLoginPage"/>
  <testcase name="testDropDownUserName" time="8.362" classname="com.trendin.tests.TestLoginPage"/>
  <testcase name="testExistingUserTextFields" time="12.96" classname="com.trendin.tests.TestLoginPage">
    <failure type="java.lang.Exception" message="Unable to verify te error message">
      <![CDATA[java.lang.Exception: Unable to verify te error message
	at com.trendin.pages.LoginPage.existingUserEmailAndPasswordTextfield(LoginPage.java:3706)
	at com.trendin.tests.TestLoginPage.testExistingUserTextFields(TestLoginPage.java:59)
Caused by: com.trendin.core.util.exceptions.POMMethodExecException: Unable to verify te error message
	at com.trendin.pages.LoginPage.existingUserEmailAndPasswordTextfield(LoginPage.java:3702)
	... 25 more
... Removed 24 stack frames]]>
    </failure>
  </testcase> <!-- testExistingUserTextFields -->
  <testcase name="testForgotPasswordClick" time="5.84" classname="com.trendin.tests.TestLoginPage"/>
  <testcase name="testMyAccountClick" time="26.974" classname="com.trendin.tests.TestLoginPage"/>
  <testcase name="testMyOrder" time="19.721" classname="com.trendin.tests.TestLoginPage"/>
  <testcase name="testRefreshButton" time="2.567" classname="com.trendin.tests.TestLoginPage"/>
  <testcase name="testReturn" time="20.427" classname="com.trendin.tests.TestLoginPage"/>
  <testcase name="testUserName" time="17.488" classname="com.trendin.tests.TestLoginPage"/>
  <testcase name="testVerifyExistingPage" time="2.583" classname="com.trendin.tests.TestLoginPage"/>
  <testcase name="testVerifyForgotPasswordFunctio" time="186.534" classname="com.trendin.tests.TestLoginPage"/>
  <testcase name="testVerifyLoginPageIconIsDisplayed" time="0.054" classname="com.trendin.tests.TestLoginPage"/>
  <testcase name="testVerifyLoginPageIsDisplayed" time="0.053" classname="com.trendin.tests.TestLoginPage"/>
  <testcase name="testVerifyLogoutFunctionality" time="9.624" classname="com.trendin.tests.TestLoginPage"/>
  <testcase name="testVerifyRegisterPage" time="2.619" classname="com.trendin.tests.TestLoginPage"/>
  <testcase name="testVerifySignUpGoogle" time="7.137" classname="com.trendin.tests.TestLoginPage"/>
  <testcase name="testverifySignUpFacebook" time="11.752" classname="com.trendin.tests.TestLoginPage"/>
</testsuite> <!-- NormalUser -->
