<?xml version="1.0" encoding="UTF-8"?>
<!-- Generated by org.testng.reporters.JUnitXMLReporter -->
<testsuite hostname="QualiTest-PC" name="RegisterSocialElements" tests="5" failures="0" timestamp="22 Sep 2015 12:29:15 GMT" time="327.872" errors="0">
  <testcase name="testVerifyMyAddressExistingUserPage" time="28.082" classname="com.trendin.tests.TestLoginPage"/>
  <testcase name="testVerifyMyAddressNewUserFaceBookButton" time="36.755" classname="com.trendin.tests.TestLoginPage"/>
  <testcase name="testVerifyMyAddressNewUserFaceBookPage" time="43.305" classname="com.trendin.tests.TestLoginPage"/>
  <testcase name="testVerifyMyAddressNewUserPage" time="28.349" classname="com.trendin.tests.TestLoginPage"/>
  <testcase name="testVerifyReturnsRefundsPersonalInformationWhenlogsIntoGoogleAccount" time="76.636" classname="com.trendin.tests.TestLoginPage"/>
</testsuite> <!-- RegisterSocialElements -->
