<?xml version="1.0" encoding="UTF-8"?>
<!-- Generated by org.testng.reporters.JUnitXMLReporter -->
<testsuite hostname="QualiTest-PC" name="TrackOrderPage" tests="11" failures="0" timestamp="16 Sep 2015 15:21:18 GMT" time="347.181" errors="0">
  <testcase name="testTrack" time="3.705" classname="com.trendin.tests.TestTrackOrder"/>
  <testcase name="testTrackOrderPopUp" time="1.215" classname="com.trendin.tests.TestTrackOrder"/>
  <testcase name="verifyEmailIdTextBox" time="15.59" classname="com.trendin.tests.TestTrackOrder"/>
  <testcase name="verifyErrorMsgForEmptyMailIdAndOrderNo" time="9.235" classname="com.trendin.tests.TestTrackOrder"/>
  <testcase name="verifyErrorMsgForMailOrderNo" time="11.85" classname="com.trendin.tests.TestTrackOrder"/>
  <testcase name="verifyErrorMsgForOthersEmailIdAndOrderNo" time="11.374" classname="com.trendin.tests.TestTrackOrder"/>
  <testcase name="verifySignUpPageWhenClickOnLoginForMore" time="15.783" classname="com.trendin.tests.TestTrackOrder"/>
  <testcase name="verifyTrackOrderForRegisterUser" time="17.639" classname="com.trendin.tests.TestTrackOrder"/>
  <testcase name="verifyTrackOrderForRegisterUserInvalidOrderNumber" time="20.203" classname="com.trendin.tests.TestTrackOrder"/>
  <testcase name="verifyTrackOrderMsgForRegisterUserEmptyOrderNumber" time="17.738" classname="com.trendin.tests.TestTrackOrder"/>
  <testcase name="verifyTrackOrderMsgForRegisterUserOthersOrderNumber" time="17.944" classname="com.trendin.tests.TestTrackOrder"/>
</testsuite> <!-- TrackOrderPage -->
