2015-09-28 12:10:08,068  INFO - Starting suite Default suite
2015-09-28 12:10:08,084  INFO - Starting test Default test
2015-09-28 12:10:08,099  INFO - Starting test method: testVerifyForBuyNowInQuickViewFuctionality
2015-09-28 12:10:50,402  INFO - Ending test method testVerifyForBuyNowInQuickViewFuctionality
2015-09-28 12:10:50,405 ERROR - <b> Exception: </b>com.trendin.core.util.exceptions.POMMethodExecException: Could not click on product. <b> Cause: </b>org.openqa.selenium.WebDriverException: unknown error: Element is not clickable at point (505, 455). Other element would receive the click: <div class="product_wrap_hover">...</div>
  (Session info: chrome=45.0.2454.99)
  (Driver info: chromedriver=2.19.346078 (6f1f0cde889532d48ce8242342d0b84f94b114a1),platform=Windows NT 6.1 SP1 x86_64) (WARNING: The server did not provide any stacktrace information)
Command duration or timeout: 70 milliseconds
Build info: version: '2.40.0', revision: 'fbe29a9', time: '2014-02-19 20:55:11'
System info: host: 'QualiTest-PC', ip: '192.168.220.1', os.name: 'Windows 7', os.arch: 'amd64', os.version: '6.1', java.version: '1.8.0_51'
Driver info: org.openqa.selenium.chrome.ChromeDriver
Capabilities [{applicationCacheEnabled=false, rotatable=false, mobileEmulationEnabled=false, chrome={userDataDir=C:\Users\QUALIT~1\AppData\Local\Temp\scoped_dir5488_25843}, takesHeapSnapshot=true, databaseEnabled=false, handlesAlerts=true, hasTouchScreen=false, version=45.0.2454.99, platform=XP, browserConnectionEnabled=false, nativeEvents=true, acceptSslCerts=true, locationContextEnabled=true, webStorageEnabled=true, browserName=chrome, takesScreenshot=true, javascriptEnabled=true, cssSelectorsEnabled=true}]
Session ID: 0fad33c2288125515ddf18ffc72aaf16
2015-09-28 12:10:51,975  INFO - Ending test Default test
2015-09-28 12:10:52,067  INFO - Ending suite Default suite
