2015-08-26 11:25:26,073  INFO - Starting suite Default suite
2015-08-26 11:25:26,083  INFO - Starting test Default test
2015-08-26 11:25:51,801  INFO - Starting test method: testSignUpPasswordField
2015-08-26 11:25:58,600  INFO - Ending test method testSignUpPasswordField
2015-08-26 11:25:58,600 ERROR - <b> Exception: </b>com.trendin.core.util.exceptions.POMMethodExecException: Couldn't click on the him button. <b> Cause: </b>com.trendin.core.util.exceptions.POMMethodExecException: Not able to get the Element
2015-08-26 11:25:58,901  INFO - Ending test Default test
2015-08-26 11:25:59,161  INFO - Ending suite Default suite
