2015-09-03 15:46:16,243  INFO - Starting suite Default suite
2015-09-03 15:46:16,255  INFO - Starting test Default test
2015-09-03 15:46:16,267  INFO - Starting test method: testClickOnCartButton
2015-09-03 15:48:05,956  INFO - Ending test method testClickOnCartButton
2015-09-03 15:48:05,956 ERROR - <b> Exception: </b>com.trendin.core.util.exceptions.POMMethodExecException: Not able to get the Element. <b> Cause: </b>com.trendin.core.util.exceptions.POMMethodExecException: Could not find the matching element
2015-09-03 15:48:06,627  INFO - Ending test Default test
2015-09-03 15:48:06,657  INFO - Ending suite Default suite
