2015-09-02 18:15:52,922  INFO - Starting suite Default suite
2015-09-02 18:15:52,932  INFO - Starting test Default test
2015-09-02 18:15:52,942  INFO - Starting test method: testVerifyUserDropDownNavigationPage
2015-09-02 18:16:41,602  INFO - Ending test method testVerifyUserDropDownNavigationPage
2015-09-02 18:16:41,602 ERROR - <b> Exception: </b>com.trendin.core.util.exceptions.POMMethodExecException: Could find the webElement. <b> Cause: </b>com.trendin.core.util.exceptions.POMMethodExecException: Could not find the matching element
2015-09-02 18:16:42,865  INFO - Ending test Default test
2015-09-02 18:16:42,896  INFO - Ending suite Default suite
