2015-09-02 18:23:45,641  INFO - Starting suite Default suite
2015-09-02 18:23:45,661  INFO - Starting test Default test
2015-09-02 18:23:45,671  INFO - Starting test method: testVerifyUserDropDownNavigationPage
2015-09-02 18:24:47,592  INFO - Ending test method testVerifyUserDropDownNavigationPage
2015-09-02 18:24:47,592 ERROR - <b> Exception: </b>com.trendin.core.util.exceptions.POMMethodExecException: Could find the webElement. <b> Cause: </b>com.trendin.core.util.exceptions.POMMethodExecException: Could not find the matching element
2015-09-02 18:24:48,163  INFO - Ending test Default test
2015-09-02 18:24:48,183  INFO - Ending suite Default suite
