2015-08-27 12:48:59,034  INFO - Starting suite TrendInTestSuite
2015-08-27 12:48:59,045  INFO - Starting test NormalUser
2015-08-27 12:48:59,056  INFO - Starting test method: testClickNewTrendIn
2015-08-27 12:49:16,045  INFO - Ending test method testClickNewTrendIn
2015-08-27 12:49:16,163  INFO - Starting test method: testCloseButton
2015-08-27 12:49:31,472  INFO - Ending test method testCloseButton
2015-08-27 12:49:31,757  INFO - Starting test method: testCloseButtonForgotPassword
2015-08-27 12:49:48,704  INFO - Ending test method testCloseButtonForgotPassword
2015-08-27 12:49:48,949  INFO - Starting test method: testDropDownUserName
2015-08-27 12:50:12,231  INFO - Ending test method testDropDownUserName
2015-08-27 12:50:12,404  INFO - Starting test method: testExistingUserTextFields
2015-08-27 12:52:15,569  INFO - Ending test method testExistingUserTextFields
2015-08-27 12:52:15,762  INFO - Starting test method: testForgotPasswordClick
2015-08-27 12:52:37,668  INFO - Ending test method testForgotPasswordClick
2015-08-27 12:52:37,830  INFO - Starting test method: testMyAccountClick
2015-08-27 12:53:18,955  INFO - Ending test method testMyAccountClick
2015-08-27 12:53:19,123  INFO - Starting test method: testMyOrder
2015-08-27 12:53:53,887  INFO - Ending test method testMyOrder
2015-08-27 12:53:54,056  INFO - Starting test method: testRefreshButton
2015-08-27 12:54:12,022  INFO - Ending test method testRefreshButton
2015-08-27 12:54:12,184  INFO - Starting test method: testReturn
2015-08-27 12:54:44,359  INFO - Ending test method testReturn
2015-08-27 12:54:44,481  INFO - Starting test method: testUserName
2015-08-27 12:56:32,483  INFO - Ending test method testUserName
2015-08-27 12:56:32,483 ERROR - <b> Exception: </b>com.trendin.core.util.exceptions.POMMethodExecException: Not able to verify the order history . <b> Cause: </b>com.trendin.core.util.exceptions.POMMethodExecException: Could find the webElement
2015-08-27 12:56:41,794  INFO - Starting test method: testVerifyExistingPage
2015-08-27 12:57:43,244  INFO - Ending test method testVerifyExistingPage
2015-08-27 12:57:49,988  INFO - Starting test method: testVerifyForgotPasswordFunctio
2015-08-27 13:01:37,114  INFO - Ending test method testVerifyForgotPasswordFunctio
2015-08-27 13:01:45,608  INFO - Starting test method: testVerifyLoginPageIconIsDisplayed
2015-08-27 13:02:25,284  INFO - Ending test method testVerifyLoginPageIconIsDisplayed
2015-08-27 13:02:31,981  INFO - Starting test method: testVerifyLoginPageIsDisplayed
2015-08-27 13:03:02,272  INFO - Ending test method testVerifyLoginPageIsDisplayed
2015-08-27 13:03:02,391  INFO - Starting test method: testVerifyLogoutFunctionality
2015-08-27 13:03:48,385  INFO - Ending test method testVerifyLogoutFunctionality
2015-08-27 13:03:55,182  INFO - Starting test method: testVerifyRegisterPage
2015-08-27 13:04:32,890  INFO - Ending test method testVerifyRegisterPage
2015-08-27 13:04:33,047  INFO - Starting test method: testVerifySignUpGoogle
2015-08-27 13:05:04,268  INFO - Ending test method testVerifySignUpGoogle
2015-08-27 13:05:04,380  INFO - Starting test method: testverifySignUpFacebook
2015-08-27 13:05:56,351  INFO - Ending test method testverifySignUpFacebook
2015-08-27 13:05:56,518  INFO - Ending test NormalUser
2015-08-27 13:05:56,541  INFO - Ending suite TrendInTestSuite
