2015-09-21 12:06:05,010  INFO - Starting suite TrendInTestSuite
2015-09-21 12:06:05,020  INFO - Starting test ENDToEnd
2015-09-21 12:06:05,031  INFO - Starting test method: testScenario3
2015-09-21 12:07:20,693  INFO - Ending test method testScenario3
2015-09-21 12:07:21,969  INFO - Starting test method: testVerifyCancelOrderPage
2015-09-21 12:08:40,140  INFO - Ending test method testVerifyCancelOrderPage
2015-09-21 12:08:40,140 ERROR - <b> Exception: </b>com.trendin.core.util.exceptions.POMMethodExecException: Could find the webElement. <b> Cause: </b>com.trendin.core.util.exceptions.POMMethodExecException: Could not find the matching element
2015-09-21 12:08:41,610  INFO - Starting test method: testVerifyNewlyRegisteredUser
2015-09-21 12:10:02,845  INFO - Ending test method testVerifyNewlyRegisteredUser
2015-09-21 12:10:04,122  INFO - Starting test method: testVerifyOrderPlacingByLogginginInAddressPage
2015-09-21 12:11:33,022  INFO - Ending test method testVerifyOrderPlacingByLogginginInAddressPage
2015-09-21 12:11:34,279  INFO - Starting test method: testVerifyOrderPlacingByLogginginInHomePage
2015-09-21 12:13:00,108  INFO - Ending test method testVerifyOrderPlacingByLogginginInHomePage
2015-09-21 12:13:01,379  INFO - Ending test ENDToEnd
2015-09-21 12:13:01,407  INFO - Ending suite TrendInTestSuite
