2015-09-23 18:04:06,222  INFO - Starting suite TrendInTestSuite
2015-09-23 18:04:06,242  INFO - Starting test EndToEnd
2015-09-23 18:04:06,253  INFO - Starting test method: testVerifyCoupnsAndVouchersFaceBookNavigation
2015-09-23 18:04:47,079  INFO - Ending test method testVerifyCoupnsAndVouchersFaceBookNavigation
2015-09-23 18:04:47,079 ERROR - <b> Exception: </b>com.trendin.core.util.exceptions.POMMethodExecException: Not able to get the Element. <b> Cause: </b>com.trendin.core.util.exceptions.POMMethodExecException: Could not find the matching element
2015-09-23 18:04:47,857  INFO - Starting test method: testVerifyCoupnsAndVouchersGoogleNavigation
2015-09-23 18:05:23,803  INFO - Ending test method testVerifyCoupnsAndVouchersGoogleNavigation
2015-09-23 18:05:23,804 ERROR - <b> Exception: </b>com.trendin.core.util.exceptions.POMMethodExecException: Not able to get the Element. <b> Cause: </b>com.trendin.core.util.exceptions.POMMethodExecException: Could not find the matching element
2015-09-23 18:05:24,209  INFO - Starting test method: testVerifyLoginOrRegisterFacebookNavigation
2015-09-23 18:06:03,190  INFO - Ending test method testVerifyLoginOrRegisterFacebookNavigation
2015-09-23 18:06:03,191 ERROR - <b> Exception: </b>com.trendin.core.util.exceptions.POMMethodExecException: Could find the webElement to get the Text. <b> Cause: </b>com.trendin.core.util.exceptions.POMMethodExecException: Could not find the matching element
2015-09-23 18:06:03,634  INFO - Starting test method: testVerifyLoginOrRegisterGoogleNavigation
2015-09-23 18:06:45,119  INFO - Ending test method testVerifyLoginOrRegisterGoogleNavigation
2015-09-23 18:06:45,119 ERROR - <b> Exception: </b>com.trendin.core.util.exceptions.POMMethodExecException: Could find the webElement to get the Text. <b> Cause: </b>com.trendin.core.util.exceptions.POMMethodExecException: Could not find the matching element
2015-09-23 18:06:45,535  INFO - Starting test method: testVerifyUserNameInHomePageFromFacebook
2015-09-23 18:07:24,841  INFO - Ending test method testVerifyUserNameInHomePageFromFacebook
2015-09-23 18:07:24,844 ERROR - <b> Exception: </b>com.trendin.core.util.exceptions.POMMethodExecException: Not able to get the Element. <b> Cause: </b>com.trendin.core.util.exceptions.POMMethodExecException: Could not find the matching element
2015-09-23 18:07:25,222  INFO - Starting test method: testVerifyUserNameInHomePageFromGoogle
2015-09-23 18:07:58,167  INFO - Ending test method testVerifyUserNameInHomePageFromGoogle
2015-09-23 18:07:58,167 ERROR - <b> Exception: </b>com.trendin.core.util.exceptions.POMMethodExecException: Not able to get the Element. <b> Cause: </b>com.trendin.core.util.exceptions.POMMethodExecException: Could not find the matching element
2015-09-23 18:07:58,527  INFO - Ending test EndToEnd
2015-09-23 18:07:58,613  INFO - Ending suite TrendInTestSuite
