2015-08-31 11:01:34,142  INFO - Starting suite Default suite
2015-08-31 11:01:34,152  INFO - Starting test Default test
2015-08-31 11:01:34,162  INFO - Starting test method: testExistingUserTextFields
2015-08-31 11:02:42,992  INFO - Ending test method testExistingUserTextFields
2015-08-31 11:02:42,992 ERROR - <b> Exception: </b>com.trendin.core.util.exceptions.POMMethodExecException: The Property of the element  is not present for the Application .. <b> Cause: </b>java.lang.NullPointerException
2015-08-31 11:02:51,216  INFO - Ending test Default test
2015-08-31 11:02:51,237  INFO - Ending suite Default suite
