2015-09-24 14:41:02,445  INFO - Starting suite Default suite
2015-09-24 14:41:02,463  INFO - Starting test Default test
2015-09-24 14:41:02,488  INFO - Starting test method: testVerifyUserNameInHomePageFromGoogle
2015-09-24 14:41:37,694  INFO - Ending test method testVerifyUserNameInHomePageFromGoogle
2015-09-24 14:41:37,695 ERROR - <b> Exception: </b>com.trendin.core.util.exceptions.POMMethodExecException: Could find the webElement. <b> Cause: </b>com.trendin.core.util.exceptions.POMMethodExecException: Could not find the matching element
2015-09-24 14:41:38,458  INFO - Ending test Default test
2015-09-24 14:41:38,492  INFO - Ending suite Default suite
