2015-09-14 16:37:25,655  INFO - Starting suite Default suite
2015-09-14 16:37:25,675  INFO - Starting test Default test
2015-09-14 16:37:25,701  INFO - Starting test method: testVerifySignUpGoogle
2015-09-14 16:37:50,682  INFO - Ending test method testVerifySignUpGoogle
2015-09-14 16:37:50,683 ERROR - <b> Exception: </b>com.trendin.core.util.exceptions.POMMethodExecException: Could find the webElement. <b> Cause: </b>com.trendin.core.util.exceptions.POMMethodExecException: Could not find the matching element
2015-09-14 16:37:52,167  INFO - Ending test Default test
2015-09-14 16:37:52,233  INFO - Ending suite Default suite
