2015-09-01 16:11:05,817  INFO - Starting suite Default suite
2015-09-01 16:11:05,827  INFO - Starting test Default test
2015-09-01 16:11:05,837  INFO - Starting test method: testVerifyProducDetailsPage
2015-09-01 16:12:27,220  INFO - Ending test method testVerifyProducDetailsPage
2015-09-01 16:12:27,220 ERROR - <b> Exception: </b>com.trendin.core.util.exceptions.POMMethodExecException: Not able to get the Element. <b> Cause: </b>com.trendin.core.util.exceptions.POMMethodExecException: Could not find the matching element
2015-09-01 16:12:35,283  INFO - Ending test Default test
2015-09-01 16:12:35,304  INFO - Ending suite Default suite
