2015-09-14 16:58:59,352  INFO - Starting suite TrendInTestSuite
2015-09-14 16:58:59,372  INFO - Starting test LoginPage
2015-09-14 16:58:59,392  INFO - Starting test method: testValidationMobileNumber
2015-09-14 16:59:34,041  INFO - Ending test method testValidationMobileNumber
2015-09-14 16:59:35,450  INFO - Starting test method: testSignUpPasswordField
2015-09-14 16:59:59,729  INFO - Ending test method testSignUpPasswordField
2015-09-14 17:00:01,222  INFO - Starting test method: testLoginPageIconClick
2015-09-14 17:00:26,172  INFO - Ending test method testLoginPageIconClick
2015-09-14 17:00:27,515  INFO - Starting test method: testValidateSignUpPageFunctionality
2015-09-14 17:00:50,392  INFO - Ending test method testValidateSignUpPageFunctionality
2015-09-14 17:00:51,760  INFO - Starting test method: testValidateUsernameTextfield
2015-09-14 17:01:17,219  INFO - Ending test method testValidateUsernameTextfield
2015-09-14 17:01:18,608  INFO - Starting test method: testValidateMailIdTextfield
2015-09-14 17:01:42,131  INFO - Ending test method testValidateMailIdTextfield
2015-09-14 17:01:42,132 ERROR - <b> Exception: </b>com.trendin.core.util.exceptions.POMMethodExecException: Not able to verify the error message for 'already registered mail-id' in the Email address textfield. <b> Cause: </b>com.trendin.core.util.exceptions.POMMethodExecException: Not able to verify the error message for 'already registered mail-id' in the Email address textfield
2015-09-14 17:01:43,780  INFO - Starting test method: testValidateMailIdField
2015-09-14 17:02:16,221  INFO - Ending test method testValidateMailIdField
2015-09-14 17:02:17,599  INFO - Starting test method: testValidatePasswordField
2015-09-14 17:02:43,284  INFO - Ending test method testValidatePasswordField
2015-09-14 17:02:44,652  INFO - Starting test method: testValidationTermsOfUse
2015-09-14 17:03:05,027  INFO - Ending test method testValidationTermsOfUse
2015-09-14 17:03:05,036  INFO - Ending test method testValidationTermsOfUse
2015-09-14 17:03:05,040  INFO - Ending test method testValidationTermsOfUse
2015-09-14 17:03:05,048  INFO - Ending test method testValidationTermsOfUse
2015-09-14 17:03:05,053  INFO - Ending test method testValidationTermsOfUse
2015-09-14 17:03:05,059  INFO - Ending test method testValidationTermsOfUse
2015-09-14 17:03:05,066  INFO - Ending test method testValidationTermsOfUse
2015-09-14 17:03:05,070  INFO - Ending test method testValidationTermsOfUse
2015-09-14 17:03:05,076  INFO - Ending test method testValidationTermsOfUse
2015-09-14 17:03:05,084  INFO - Ending test method testValidationTermsOfUse
2015-09-14 17:03:05,087  INFO - Ending test LoginPage
2015-09-14 17:03:05,183  INFO - Ending suite TrendInTestSuite
