2015-09-24 16:22:40,990  INFO - Starting suite TrendInTestSuite
2015-09-24 16:22:41,001  INFO - Starting test EndToEnd
2015-09-24 16:22:41,014  INFO - Starting test method: testScenario3
2015-09-24 16:24:41,117  INFO - Ending test method testScenario3
2015-09-24 16:24:41,482  INFO - Starting test method: testVerifyCancelOrderPage
2015-09-24 16:27:44,232  INFO - Ending test method testVerifyCancelOrderPage
2015-09-24 16:27:44,640  INFO - Starting test method: testVerifyCouponsAndVouchersFaceBookNavigation
2015-09-24 16:28:55,302  INFO - Ending test method testVerifyCouponsAndVouchersFaceBookNavigation
2015-09-24 16:28:55,624  INFO - Starting test method: testVerifyCouponsAndVouchersGoogleNavigation
2015-09-24 16:29:56,617  INFO - Ending test method testVerifyCouponsAndVouchersGoogleNavigation
2015-09-24 16:29:56,969  INFO - Starting test method: testVerifyLoginOrRegisterFacebookNavigation
2015-09-24 16:30:42,073  INFO - Ending test method testVerifyLoginOrRegisterFacebookNavigation
2015-09-24 16:30:42,074 ERROR - <b> Exception: </b>com.trendin.core.util.exceptions.POMMethodExecException: Could find the webElement to get the Text. <b> Cause: </b>com.trendin.core.util.exceptions.POMMethodExecException: Could not find the matching element
2015-09-24 16:30:42,514  INFO - Starting test method: testVerifyLoginOrRegisterGoogleNavigation
2015-09-24 16:31:12,657  INFO - Ending test method testVerifyLoginOrRegisterGoogleNavigation
2015-09-24 16:31:13,006  INFO - Starting test method: testVerifyNewlyRegisteredUser
2015-09-24 16:33:06,517  INFO - Ending test method testVerifyNewlyRegisteredUser
2015-09-24 16:33:06,919  INFO - Starting test method: testVerifyOrderPlacingByLogginginInAddressPage
2015-09-24 16:35:27,631  INFO - Ending test method testVerifyOrderPlacingByLogginginInAddressPage
2015-09-24 16:35:27,991  INFO - Starting test method: testVerifyOrderPlacingByLogginginInHomePage
2015-09-24 16:37:40,158  INFO - Ending test method testVerifyOrderPlacingByLogginginInHomePage
2015-09-24 16:37:40,549  INFO - Starting test method: testVerifyUserNameInHomePageFromFacebook
2015-09-24 16:39:53,974  INFO - Ending test method testVerifyUserNameInHomePageFromFacebook
2015-09-24 16:39:53,976 ERROR - <b> Exception: </b>com.trendin.core.util.exceptions.POMMethodExecException: Could find the webElement to get the Text. <b> Cause: </b>com.trendin.core.util.exceptions.POMMethodExecException: Could not find the matching element
2015-09-24 16:39:54,432  INFO - Starting test method: testVerifyUserNameInHomePageFromGoogle
2015-09-24 16:41:57,493  INFO - Ending test method testVerifyUserNameInHomePageFromGoogle
2015-09-24 16:41:57,913  INFO - Ending test EndToEnd
2015-09-24 16:41:57,953  INFO - Ending suite TrendInTestSuite
