2015-09-23 10:59:00,737  INFO - Starting suite Default suite
2015-09-23 10:59:00,755  INFO - Starting test Default test
2015-09-23 10:59:00,773  INFO - Starting test method: testVerifyNewUserFaceBookLoginMyAddressPage
2015-09-23 11:02:06,672  INFO - Ending test method testVerifyNewUserFaceBookLoginMyAddressPage
2015-09-23 11:02:06,673 ERROR - <b> Exception: </b>com.trendin.core.util.exceptions.POMMethodExecException: Could find the webElement. <b> Cause: </b>com.trendin.core.util.exceptions.POMMethodExecException: Could not find the matching element
2015-09-23 11:02:07,497  INFO - Ending test Default test
2015-09-23 11:02:07,527  INFO - Ending suite Default suite
