2015-09-24 14:18:58,502  INFO - Starting suite Default suite
2015-09-24 14:18:58,515  INFO - Starting test Default test
2015-09-24 14:18:58,532  INFO - Starting test method: testVerifyUserNameInHomePageFromGoogle
2015-09-24 14:19:37,870  INFO - Ending test method testVerifyUserNameInHomePageFromGoogle
2015-09-24 14:19:37,871 ERROR - <b> Exception: </b>com.trendin.core.util.exceptions.POMMethodExecException: Not able to get the Element. <b> Cause: </b>com.trendin.core.util.exceptions.POMMethodExecException: Could not find the matching element
2015-09-24 14:19:38,372  INFO - Ending test Default test
2015-09-24 14:19:38,407  INFO - Ending suite Default suite
