2015-09-24 15:27:56,454  INFO - Starting suite TrendInTestSuite
2015-09-24 15:27:56,465  INFO - Starting test EndToEnd
2015-09-24 15:27:56,480  INFO - Starting test method: testScenario3
2015-09-24 15:29:56,561  INFO - Ending test method testScenario3
2015-09-24 15:29:56,977  INFO - Starting test method: testVerifyCancelOrderPage
2015-09-24 15:32:18,100  INFO - Ending test method testVerifyCancelOrderPage
2015-09-24 15:32:18,503  INFO - Starting test method: testVerifyCouponsAndVouchersFaceBookNavigation
2015-09-24 15:33:06,292  INFO - Ending test method testVerifyCouponsAndVouchersFaceBookNavigation
2015-09-24 15:33:06,292 ERROR - <b> Exception: </b>com.trendin.core.util.exceptions.POMMethodExecException: Not able to get the Element. <b> Cause: </b>com.trendin.core.util.exceptions.POMMethodExecException: Could not find the matching element
2015-09-24 15:33:06,789  INFO - Starting test method: testVerifyCouponsAndVouchersGoogleNavigation
2015-09-24 15:34:23,653  INFO - Ending test method testVerifyCouponsAndVouchersGoogleNavigation
2015-09-24 15:34:23,959  INFO - Starting test method: testVerifyLoginOrRegisterFacebookNavigation
2015-09-24 15:35:16,138  INFO - Ending test method testVerifyLoginOrRegisterFacebookNavigation
2015-09-24 15:35:16,401  INFO - Starting test method: testVerifyLoginOrRegisterGoogleNavigation
2015-09-24 15:35:59,437  INFO - Ending test method testVerifyLoginOrRegisterGoogleNavigation
2015-09-24 15:35:59,696  INFO - Starting test method: testVerifyNewlyRegisteredUser
2015-09-24 15:38:04,524  INFO - Ending test method testVerifyNewlyRegisteredUser
2015-09-24 15:38:04,872  INFO - Starting test method: testVerifyOrderPlacingByLogginginInAddressPage
2015-09-24 15:40:26,535  INFO - Ending test method testVerifyOrderPlacingByLogginginInAddressPage
2015-09-24 15:40:26,902  INFO - Starting test method: testVerifyOrderPlacingByLogginginInHomePage
2015-09-24 15:42:48,425  INFO - Ending test method testVerifyOrderPlacingByLogginginInHomePage
2015-09-24 15:42:48,845  INFO - Starting test method: testVerifyUserNameInHomePageFromFacebook
2015-09-24 15:44:51,759  INFO - Ending test method testVerifyUserNameInHomePageFromFacebook
2015-09-24 15:44:52,150  INFO - Starting test method: testVerifyUserNameInHomePageFromGoogle
2015-09-24 15:46:54,639  INFO - Ending test method testVerifyUserNameInHomePageFromGoogle
2015-09-24 15:46:55,001  INFO - Ending test EndToEnd
2015-09-24 15:46:55,030  INFO - Ending suite TrendInTestSuite
