2015-09-10 11:17:04,092  INFO - Starting suite Default suite
2015-09-10 11:17:04,109  INFO - Starting test Default test
2015-09-10 11:17:04,127  INFO - Starting test method: testVerifyMyAccountNewUserPage
2015-09-10 11:19:05,065  INFO - Ending test method testVerifyMyAccountNewUserPage
2015-09-10 11:19:05,065 ERROR - <b> Exception: </b>com.trendin.core.util.exceptions.POMMethodExecException: Could find the webElement. <b> Cause: </b>com.trendin.core.util.exceptions.POMMethodExecException: Could not find the matching element
2015-09-10 11:19:05,778  INFO - Ending test Default test
2015-09-10 11:19:05,805  INFO - Ending suite Default suite
