2015-09-01 15:29:22,529  INFO - Starting suite Default suite
2015-09-01 15:29:22,540  INFO - Starting test Default test
2015-09-01 15:29:22,552  INFO - Starting test method: testVerifyProducDetailsPage
2015-09-01 15:30:06,582  INFO - Ending test method testVerifyProducDetailsPage
2015-09-01 15:30:06,583 ERROR - <b> Exception: </b>com.trendin.core.util.exceptions.POMMethodExecException: Not able to get the Element. <b> Cause: </b>com.trendin.core.util.exceptions.POMMethodExecException: Could not find the matching element
2015-09-01 15:30:07,127  INFO - Ending test Default test
2015-09-01 15:30:07,153  INFO - Ending suite Default suite
