2015-09-10 15:57:27,960  INFO - Starting suite TrendInTestSuite
2015-09-10 15:57:28,094  INFO - Starting test LoginPage
2015-09-10 15:57:28,113  INFO - Starting test method: testEmailAndPasswordTextfield
2015-09-10 15:58:12,772  INFO - Ending test method testEmailAndPasswordTextfield
2015-09-10 15:58:13,026  INFO - Starting test method: testErrorPasswordEmptyTextfield
2015-09-10 15:58:53,495  INFO - Ending test method testErrorPasswordEmptyTextfield
2015-09-10 15:58:53,751  INFO - Starting test method: testGmailUsernameInHomePage
2015-09-10 16:00:03,520  INFO - Ending test method testGmailUsernameInHomePage
2015-09-10 16:00:03,791  INFO - Starting test method: testLoginOrRegisterPageAgain
2015-09-10 16:00:41,394  INFO - Ending test method testLoginOrRegisterPageAgain
2015-09-10 16:00:41,644  INFO - Starting test method: testNewToTrendInPage
2015-09-10 16:01:04,059  INFO - Ending test method testNewToTrendInPage
2015-09-10 16:01:04,303  INFO - Starting test method: testNewToTrendInSignUpPage
2015-09-10 16:01:26,365  INFO - Ending test method testNewToTrendInSignUpPage
2015-09-10 16:01:26,605  INFO - Starting test method: testVerifyClickOnGoogleButton
2015-09-10 16:02:05,596  INFO - Ending test method testVerifyClickOnGoogleButton
2015-09-10 16:02:05,854  INFO - Starting test method: testVerifyClickOnSignInFacebookButton
2015-09-10 16:02:41,580  INFO - Ending test method testVerifyClickOnSignInFacebookButton
2015-09-10 16:02:41,827  INFO - Starting test method: testVerifyClickOnSignInWithGoogleButton
2015-09-10 16:03:21,463  INFO - Ending test method testVerifyClickOnSignInWithGoogleButton
2015-09-10 16:03:21,725  INFO - Starting test method: testVerifyColorChangeOnMouseOverGoogleButton
2015-09-10 16:03:54,881  INFO - Ending test method testVerifyColorChangeOnMouseOverGoogleButton
2015-09-10 16:03:55,173  INFO - Starting test method: testVerifyFacebookButtonInmYAccountPage
2015-09-10 16:04:43,763  INFO - Ending test method testVerifyFacebookButtonInmYAccountPage
2015-09-10 16:04:44,030  INFO - Starting test method: testVerifyFacebookEmailAndPasswordTextFields
2015-09-10 16:05:29,230  INFO - Ending test method testVerifyFacebookEmailAndPasswordTextFields
2015-09-10 16:05:29,492  INFO - Starting test method: testVerifyLoginPagePopUp
2015-09-10 16:05:53,772  INFO - Ending test method testVerifyLoginPagePopUp
2015-09-10 16:05:54,011  INFO - Starting test method: testVerifyLoginToFacebook
2015-09-10 16:07:00,417  INFO - Ending test method testVerifyLoginToFacebook
2015-09-10 16:07:00,690  INFO - Starting test method: testVerifyLoginToFacebookAtVerifyPersonalInformation
2015-09-10 16:08:24,017  INFO - Ending test method testVerifyLoginToFacebookAtVerifyPersonalInformation
2015-09-10 16:08:24,282  INFO - Starting test method: testVerifyLoginToTrendInWithFaceBookAccount
2015-09-10 16:09:15,847  INFO - Ending test method testVerifyLoginToTrendInWithFaceBookAccount
2015-09-10 16:09:15,847 ERROR - <b> Exception: </b>com.trendin.core.util.exceptions.POMMethodExecException: Could find the webElement to get the Text. <b> Cause: </b>com.trendin.core.util.exceptions.POMMethodExecException: Could not find the matching element
2015-09-10 16:09:16,334  INFO - Starting test method: testVerifyMouseOverActionOnGoogleButton
2015-09-10 16:09:41,387  INFO - Ending test method testVerifyMouseOverActionOnGoogleButton
2015-09-10 16:09:41,645  INFO - Starting test method: testVerifyMouseOverActionOnSignInWithGoogle
2015-09-10 16:10:06,373  INFO - Ending test method testVerifyMouseOverActionOnSignInWithGoogle
2015-09-10 16:10:06,648  INFO - Starting test method: testVerifyMyAccountExistingUserAndNewUserPage
2015-09-10 16:10:47,043  INFO - Ending test method testVerifyMyAccountExistingUserAndNewUserPage
2015-09-10 16:10:47,327  INFO - Starting test method: testVerifyMyAccountNewUserPageConnectFaceBookPage
2015-09-10 16:11:27,516  INFO - Ending test method testVerifyMyAccountNewUserPageConnectFaceBookPage
2015-09-10 16:11:27,786  INFO - Starting test method: testVerifyMyAccountPage
2015-09-10 16:11:57,252  INFO - Ending test method testVerifyMyAccountPage
2015-09-10 16:11:57,523  INFO - Starting test method: testVerifyNewToTrendInButton
2015-09-10 16:12:13,490  INFO - Ending test method testVerifyNewToTrendInButton
2015-09-10 16:12:13,734  INFO - Starting test method: testVerifyNewToTrendInSignUpPage
2015-09-10 16:12:29,943  INFO - Ending test method testVerifyNewToTrendInSignUpPage
2015-09-10 16:12:30,187  INFO - Starting test method: testVerifyNewUserRadioButtonInMyAccountPage
2015-09-10 16:13:09,949  INFO - Ending test method testVerifyNewUserRadioButtonInMyAccountPage
2015-09-10 16:13:10,460  INFO - Starting test method: testverifyErorMessageOnEmptyEmailTextField
2015-09-10 16:13:36,362  INFO - Ending test method testverifyErorMessageOnEmptyEmailTextField
2015-09-10 16:13:36,734  INFO - Ending test LoginPage
2015-09-10 16:13:36,762  INFO - Ending suite TrendInTestSuite
