2015-09-24 14:13:53,263  INFO - Starting suite Default suite
2015-09-24 14:13:53,273  INFO - Starting test Default test
2015-09-24 14:13:53,284  INFO - Starting test method: testVerifyUserNameInHomePageFromGoogle
2015-09-24 14:14:35,917  INFO - Ending test method testVerifyUserNameInHomePageFromGoogle
2015-09-24 14:14:35,918 ERROR - <b> Exception: </b>com.trendin.core.util.exceptions.POMMethodExecException: Not able to get the Element. <b> Cause: </b>com.trendin.core.util.exceptions.POMMethodExecException: Could not find the matching element
2015-09-24 14:14:36,493  INFO - Ending test Default test
2015-09-24 14:14:36,520  INFO - Ending suite Default suite
