2015-09-14 15:57:57,205  INFO - Starting suite Default suite
2015-09-14 15:57:57,234  INFO - Starting test Default test
2015-09-14 15:57:57,263  INFO - Starting test method: testVerifyForgotPasswordFunctio
2015-09-14 16:01:03,621  INFO - Ending test method testVerifyForgotPasswordFunctio
2015-09-14 16:01:03,621 ERROR - <b> Exception: </b>com.trendin.core.util.exceptions.POMMethodExecException: Could not enter the email id . <b> Cause: </b>com.trendin.core.util.exceptions.POMMethodExecException: Not able to enter the text in the field: forgotPasswordEmailText, for the Locator: Id
2015-09-14 16:01:05,278  INFO - Ending test Default test
2015-09-14 16:01:05,337  INFO - Ending suite Default suite
