2015-09-01 15:22:41,953  INFO - Starting suite Default suite
2015-09-01 15:22:41,964  INFO - Starting test Default test
2015-09-01 15:22:41,976  INFO - Starting test method: testVerifyProducDetailsPage
2015-09-01 15:24:21,568  INFO - Ending test method testVerifyProducDetailsPage
2015-09-01 15:24:21,568 ERROR - <b> Exception: </b>com.trendin.core.util.exceptions.POMMethodExecException: Not able to get the Element. <b> Cause: </b>com.trendin.core.util.exceptions.POMMethodExecException: Could not find the matching element
2015-09-01 15:24:30,622  INFO - Ending test Default test
2015-09-01 15:24:30,646  INFO - Ending suite Default suite
