2015-09-01 16:24:13,417  INFO - Starting suite Default suite
2015-09-01 16:24:13,427  INFO - Starting test Default test
2015-09-01 16:24:13,437  INFO - Starting test method: testVerifyProducDetailsPage
2015-09-01 16:27:26,595  INFO - Ending test method testVerifyProducDetailsPage
2015-09-01 16:27:26,595 ERROR - <b> Exception: </b>com.trendin.core.util.exceptions.POMMethodExecException: Not able to get the Element. <b> Cause: </b>com.trendin.core.util.exceptions.POMMethodExecException: Could not find the matching element
2015-09-01 16:27:27,061  INFO - Ending test Default test
2015-09-01 16:27:27,081  INFO - Ending suite Default suite
