2015-09-01 16:10:07,705  INFO - Starting suite Default suite
2015-09-01 16:10:07,715  INFO - Starting test Default test
2015-09-01 16:10:07,725  INFO - Starting test method: testVerifyProducDetailsPage
2015-09-01 16:10:43,994  INFO - Ending test method testVerifyProducDetailsPage
2015-09-01 16:10:43,994 ERROR - <b> Exception: </b>com.trendin.core.util.exceptions.POMMethodExecException: Not able to get the Element. <b> Cause: </b>com.trendin.core.util.exceptions.POMMethodExecException: Could not find the matching element
2015-09-01 16:10:44,430  INFO - Ending test Default test
2015-09-01 16:10:44,460  INFO - Ending suite Default suite
