2015-08-31 13:25:25,577  INFO - Starting suite Default suite
2015-08-31 13:25:25,588  INFO - Starting test Default test
2015-08-31 13:25:25,598  INFO - Starting test method: testvalidateErrorMessageForPasswordField
2015-08-31 13:26:09,811  INFO - Ending test method testvalidateErrorMessageForPasswordField
2015-08-31 13:26:09,811 ERROR - <b> Exception: </b>com.trendin.core.util.exceptions.POMMethodExecException: Not able to verify the error message for empty value in the old password textfield. <b> Cause: </b>com.trendin.core.util.exceptions.POMMethodExecException: Not able to verify the error message for empty value in the old password textfield
2015-08-31 13:26:10,196  INFO - Ending test Default test
2015-08-31 13:26:10,214  INFO - Ending suite Default suite
