2015-09-02 18:49:04,787  INFO - Starting suite Default suite
2015-09-02 18:49:04,797  INFO - Starting test Default test
2015-09-02 18:49:04,808  INFO - Starting test method: testVerifyUserDropDownNavigationPage
2015-09-02 18:49:53,014  INFO - Ending test method testVerifyUserDropDownNavigationPage
2015-09-02 18:49:53,014 ERROR - <b> Exception: </b>com.trendin.core.util.exceptions.POMMethodExecException: Could find the webElement. <b> Cause: </b>com.trendin.core.util.exceptions.POMMethodExecException: Could not find the matching element
2015-09-02 18:49:53,415  INFO - Ending test Default test
2015-09-02 18:49:53,435  INFO - Ending suite Default suite
