2015-09-02 18:30:25,136  INFO - Starting suite Default suite
2015-09-02 18:30:25,156  INFO - Starting test Default test
2015-09-02 18:30:25,166  INFO - Starting test method: testVerifyUserDropDownNavigationPage
2015-09-02 18:31:59,648  INFO - Ending test method testVerifyUserDropDownNavigationPage
2015-09-02 18:31:59,648 ERROR - <b> Exception: </b>com.trendin.core.util.exceptions.POMMethodExecException: Could find the webElement. <b> Cause: </b>com.trendin.core.util.exceptions.POMMethodExecException: Could not find the matching element
2015-09-02 18:32:07,581  INFO - Ending test Default test
2015-09-02 18:32:07,602  INFO - Ending suite Default suite
