2015-08-27 11:30:41,779  INFO - Starting suite TrendInTestSuite
2015-08-27 11:30:41,789  INFO - Starting test NormalUser
2015-08-27 11:30:41,799  INFO - Starting test method: testClickNewTrendIn
2015-08-27 11:31:31,924  INFO - Ending test method testClickNewTrendIn
2015-08-27 11:31:39,641  INFO - Starting test method: testCloseButton
2015-08-27 11:32:13,038  INFO - Ending test method testCloseButton
2015-08-27 11:32:13,308  INFO - Starting test method: testCloseButtonForgotPassword
2015-08-27 11:34:00,507  INFO - Ending test method testCloseButtonForgotPassword
2015-08-27 11:34:00,827  INFO - Starting test method: testDropDownUserName
2015-08-27 11:34:24,925  INFO - Ending test method testDropDownUserName
2015-08-27 11:34:25,085  INFO - Starting test method: testExistingUserTextFields
2015-08-27 11:36:30,217  INFO - Ending test method testExistingUserTextFields
2015-08-27 11:36:30,405  INFO - Starting test method: testForgotPasswordClick
2015-08-27 11:36:48,675  INFO - Ending test method testForgotPasswordClick
2015-08-27 11:36:48,865  INFO - Starting test method: testMyAccountClick
2015-08-27 11:37:20,801  INFO - Ending test method testMyAccountClick
2015-08-27 11:37:20,931  INFO - Starting test method: testMyOrder
2015-08-27 11:37:51,849  INFO - Ending test method testMyOrder
2015-08-27 11:37:52,019  INFO - Starting test method: testRefreshButton
2015-08-27 11:39:20,158  INFO - Ending test method testRefreshButton
2015-08-27 11:39:20,348  INFO - Starting test method: testReturn
2015-08-27 11:39:55,375  INFO - Ending test method testReturn
2015-08-27 11:39:55,548  INFO - Starting test method: testUserName
2015-08-27 11:40:31,020  INFO - Ending test method testUserName
2015-08-27 11:40:31,230  INFO - Starting test method: testVerifyExistingPage
2015-08-27 11:41:14,271  INFO - Ending test method testVerifyExistingPage
2015-08-27 11:41:14,382  INFO - Starting test method: testVerifyForgotPasswordFunctio
2015-08-27 11:44:39,092  INFO - Ending test method testVerifyForgotPasswordFunctio
2015-08-27 11:44:39,092 ERROR - <b> Exception: </b>com.trendin.core.util.exceptions.POMMethodExecException: Could find the webElement. <b> Cause: </b>com.trendin.core.util.exceptions.POMMethodExecException: Could not find the matching element
2015-08-27 11:44:39,954  INFO - Starting test method: testVerifyLoginPageIconIsDisplayed
2015-08-27 11:45:13,524  INFO - Ending test method testVerifyLoginPageIconIsDisplayed
2015-08-27 11:45:13,704  INFO - Starting test method: testVerifyLoginPageIsDisplayed
2015-08-27 11:45:42,813  INFO - Ending test method testVerifyLoginPageIsDisplayed
2015-08-27 11:45:42,975  INFO - Starting test method: testVerifyLogoutFunctionality
2015-08-27 11:46:08,906  INFO - Ending test method testVerifyLogoutFunctionality
2015-08-27 11:46:09,057  INFO - Starting test method: testVerifyRegisterPage
2015-08-27 11:46:26,922  INFO - Ending test method testVerifyRegisterPage
2015-08-27 11:46:27,032  INFO - Starting test method: testVerifySignUpGoogle
2015-08-27 11:46:49,059  INFO - Ending test method testVerifySignUpGoogle
2015-08-27 11:46:49,214  INFO - Starting test method: testverifySignUpFacebook
2015-08-27 11:47:16,751  INFO - Ending test method testverifySignUpFacebook
2015-08-27 11:47:16,918  INFO - Ending test NormalUser
2015-08-27 11:47:16,939  INFO - Ending suite TrendInTestSuite
