2015-09-01 16:31:25,428  INFO - Starting suite Default suite
2015-09-01 16:31:25,438  INFO - Starting test Default test
2015-09-01 16:31:25,458  INFO - Starting test method: testVerifyProducDetailsPage
2015-09-01 16:33:24,569  INFO - Ending test method testVerifyProducDetailsPage
2015-09-01 16:33:24,569 ERROR - <b> Exception: </b>com.trendin.core.util.exceptions.POMMethodExecException: Not able to get the Element. <b> Cause: </b>com.trendin.core.util.exceptions.POMMethodExecException: Could not find the matching element
2015-09-01 16:33:33,266  INFO - Ending test Default test
2015-09-01 16:33:33,297  INFO - Ending suite Default suite
