2015-08-26 13:24:49,034  INFO - Starting suite Default suite
2015-08-26 13:24:49,046  INFO - Starting test Default test
2015-08-26 13:25:01,723  INFO - Starting test method: testValidationTermsOfUse
2015-08-26 13:25:04,933  INFO - Ending test method testValidationTermsOfUse
2015-08-26 13:25:04,934 ERROR - <b> Exception: </b>com.trendin.core.util.exceptions.POMMethodExecException: Not able to get the Element. <b> Cause: </b>com.trendin.core.util.exceptions.POMMethodExecException: Could not find the matching element
2015-08-26 13:25:05,228  INFO - Ending test Default test
2015-08-26 13:25:05,356  INFO - Ending suite Default suite
