2015-09-24 14:15:00,423  INFO - Starting suite Default suite
2015-09-24 14:15:00,434  INFO - Starting test Default test
2015-09-24 14:15:00,445  INFO - Starting test method: testVerifyUserNameInHomePageFromGoogle
2015-09-24 14:15:39,945  INFO - Ending test method testVerifyUserNameInHomePageFromGoogle
2015-09-24 14:15:39,945 ERROR - <b> Exception: </b>com.trendin.core.util.exceptions.POMMethodExecException: Not able to get the Element. <b> Cause: </b>com.trendin.core.util.exceptions.POMMethodExecException: Could not find the matching element
2015-09-24 14:15:40,367  INFO - Ending test Default test
2015-09-24 14:15:40,394  INFO - Ending suite Default suite
