2015-09-01 15:20:27,960  INFO - Starting suite Default suite
2015-09-01 15:20:27,970  INFO - Starting test Default test
2015-09-01 15:20:27,981  INFO - Starting test method: testVerifyProducDetailsPage
2015-09-01 15:21:04,813  INFO - Ending test method testVerifyProducDetailsPage
2015-09-01 15:21:04,813 ERROR - <b> Exception: </b>com.trendin.core.util.exceptions.POMMethodExecException: Not able to get the Element. <b> Cause: </b>com.trendin.core.util.exceptions.POMMethodExecException: Could not find the matching element
2015-09-01 15:21:05,533  INFO - Ending test Default test
2015-09-01 15:21:05,558  INFO - Ending suite Default suite
