2015-08-27 17:39:27,846  INFO - Starting suite TrendInTestSuite
2015-08-27 17:39:27,857  INFO - Starting test NormalUser
2015-08-27 17:39:27,867  INFO - Starting test method: testClickNewTrendIn
2015-08-27 17:41:14,629  INFO - Ending test method testClickNewTrendIn
2015-08-27 17:41:14,748  INFO - Starting test method: testCloseButton
2015-08-27 17:42:07,953  INFO - Ending test method testCloseButton
2015-08-27 17:42:15,419  INFO - Starting test method: testCloseButtonForgotPassword
2015-08-27 17:42:33,605  INFO - Ending test method testCloseButtonForgotPassword
2015-08-27 17:42:33,825  INFO - Starting test method: testDropDownUserName
2015-08-27 17:42:58,455  INFO - Ending test method testDropDownUserName
2015-08-27 17:42:58,618  INFO - Starting test method: testExistingUserTextFields
2015-08-27 17:43:26,870  INFO - Ending test method testExistingUserTextFields
2015-08-27 17:43:26,871 ERROR - <b> Exception: </b>java.lang.Exception: Unable to verify te error message. <b> Cause: </b>com.trendin.core.util.exceptions.POMMethodExecException: Unable to verify te error message
2015-08-27 17:43:27,201  INFO - Starting test method: testForgotPasswordClick
2015-08-27 17:43:47,936  INFO - Ending test method testForgotPasswordClick
2015-08-27 17:43:48,045  INFO - Starting test method: testMyAccountClick
2015-08-27 17:44:30,622  INFO - Ending test method testMyAccountClick
2015-08-27 17:44:30,740  INFO - Starting test method: testMyOrder
2015-08-27 17:46:34,289  INFO - Ending test method testMyOrder
2015-08-27 17:46:34,410  INFO - Starting test method: testRefreshButton
2015-08-27 17:46:54,944  INFO - Ending test method testRefreshButton
2015-08-27 17:46:55,054  INFO - Starting test method: testReturn
2015-08-27 17:47:30,994  INFO - Ending test method testReturn
2015-08-27 17:47:31,111  INFO - Starting test method: testUserName
2015-08-27 17:48:03,845  INFO - Ending test method testUserName
2015-08-27 17:48:03,963  INFO - Starting test method: testVerifyExistingPage
2015-08-27 17:48:22,200  INFO - Ending test method testVerifyExistingPage
2015-08-27 17:48:22,309  INFO - Starting test method: testVerifyForgotPasswordFunctio
2015-08-27 17:51:43,692  INFO - Ending test method testVerifyForgotPasswordFunctio
2015-08-27 17:51:43,897  INFO - Starting test method: testVerifyLoginPageIconIsDisplayed
2015-08-27 17:51:58,376  INFO - Ending test method testVerifyLoginPageIconIsDisplayed
2015-08-27 17:51:58,484  INFO - Starting test method: testVerifyLoginPageIsDisplayed
2015-08-27 17:55:25,524  INFO - Ending test method testVerifyLoginPageIsDisplayed
2015-08-27 17:55:33,428  INFO - Starting test method: testVerifyLogoutFunctionality
2015-08-27 17:55:59,105  INFO - Ending test method testVerifyLogoutFunctionality
2015-08-27 17:55:59,306  INFO - Starting test method: testVerifyRegisterPage
2015-08-27 17:56:17,050  INFO - Ending test method testVerifyRegisterPage
2015-08-27 17:56:17,158  INFO - Starting test method: testVerifySignUpGoogle
2015-08-27 17:56:39,315  INFO - Ending test method testVerifySignUpGoogle
2015-08-27 17:56:39,427  INFO - Starting test method: testverifySignUpFacebook
2015-08-27 17:57:06,408  INFO - Ending test method testverifySignUpFacebook
2015-08-27 17:57:06,572  INFO - Ending test NormalUser
2015-08-27 17:57:06,591  INFO - Ending suite TrendInTestSuite
