2015-09-22 16:28:41,552  INFO - Starting suite Default suite
2015-09-22 16:28:41,562  INFO - Starting test Default test
2015-09-22 16:28:41,572  INFO - Starting test method: testVerifyGooglePageEmailAndPasswordTextfields
2015-09-22 16:29:32,888  INFO - Ending test method testVerifyGooglePageEmailAndPasswordTextfields
2015-09-22 16:29:32,891 ERROR - <b> Exception: </b>com.trendin.core.util.exceptions.POMMethodExecException: Not able to verify the Login Icon status.. <b> Cause: </b>com.trendin.core.util.exceptions.POMMethodExecException: Could find the webElement
2015-09-22 16:29:33,378  INFO - Ending test Default test
2015-09-22 16:29:33,401  INFO - Ending suite Default suite
