2015-09-24 14:37:43,945  INFO - Starting suite Default suite
2015-09-24 14:37:43,957  INFO - Starting test Default test
2015-09-24 14:37:43,969  INFO - Starting test method: testVerifyUserNameInHomePageFromGoogle
2015-09-24 14:38:26,448  INFO - Ending test method testVerifyUserNameInHomePageFromGoogle
2015-09-24 14:38:26,449 ERROR - <b> Exception: </b>com.trendin.core.util.exceptions.POMMethodExecException: Not able to get the Element. <b> Cause: </b>com.trendin.core.util.exceptions.POMMethodExecException: Could not find the matching element
2015-09-24 14:38:27,058  INFO - Ending test Default test
2015-09-24 14:38:27,088  INFO - Ending suite Default suite
