2015-09-21 12:35:15,786  INFO - Starting suite TrendInTestSuite
2015-09-21 12:35:15,796  INFO - Starting test ENDToEnd
2015-09-21 12:35:15,808  INFO - Starting test method: testScenario3
2015-09-21 12:36:41,570  INFO - Ending test method testScenario3
2015-09-21 12:36:42,936  INFO - Starting test method: testVerifyCancelOrderPage
2015-09-21 12:38:16,452  INFO - Ending test method testVerifyCancelOrderPage
2015-09-21 12:38:17,791  INFO - Starting test method: testVerifyNewlyRegisteredUser
2015-09-21 12:39:40,885  INFO - Ending test method testVerifyNewlyRegisteredUser
2015-09-21 12:39:42,250  INFO - Starting test method: testVerifyOrderPlacingByLogginginInAddressPage
2015-09-21 12:41:07,266  INFO - Ending test method testVerifyOrderPlacingByLogginginInAddressPage
2015-09-21 12:41:08,521  INFO - Starting test method: testVerifyOrderPlacingByLogginginInHomePage
2015-09-21 12:42:02,185  INFO - Ending test method testVerifyOrderPlacingByLogginginInHomePage
2015-09-21 12:42:02,186 ERROR - <b> Exception: </b>com.trendin.core.util.exceptions.POMMethodExecException: Not able to get the Element. <b> Cause: </b>com.trendin.core.util.exceptions.POMMethodExecException: Could not find the matching element
2015-09-21 12:42:03,605  INFO - Ending test ENDToEnd
2015-09-21 12:42:03,650  INFO - Ending suite TrendInTestSuite
