2015-09-22 13:22:52,150  INFO - Starting suite Default suite
2015-09-22 13:22:52,166  INFO - Starting test Default test
2015-09-22 13:22:52,176  INFO - Starting test method: testVerifyReturnsAndRefundsNewUserPageVerifyFacebookPageTextFields
2015-09-22 13:23:41,208  INFO - Ending test method testVerifyReturnsAndRefundsNewUserPageVerifyFacebookPageTextFields
2015-09-22 13:23:41,209 ERROR - <b> Exception: </b>com.trendin.core.util.exceptions.POMMethodExecException: Couldn't click on the facebook button. <b> Cause: </b>com.trendin.core.util.exceptions.POMMethodExecException: Not able to get the Element
2015-09-22 13:23:42,671  INFO - Ending test Default test
2015-09-22 13:23:42,715  INFO - Ending suite Default suite
