2015-09-03 09:12:00,599  INFO - Starting suite Default suite
2015-09-03 09:12:00,639  INFO - Starting test Default test
2015-09-03 09:12:00,663  INFO - Starting test method: testVerifyUserDropDownNavigationPage
2015-09-03 09:12:52,119  INFO - Ending test method testVerifyUserDropDownNavigationPage
2015-09-03 09:12:52,119 ERROR - <b> Exception: </b>com.trendin.core.util.exceptions.POMMethodExecException: Could find the webElement. <b> Cause: </b>com.trendin.core.util.exceptions.POMMethodExecException: Could not find the matching element
2015-09-03 09:12:52,720  INFO - Ending test Default test
2015-09-03 09:12:52,740  INFO - Ending suite Default suite
