2015-09-03 17:34:56,588  INFO - Starting suite Default suite
2015-09-03 17:34:56,598  INFO - Starting test Default test
2015-09-03 17:34:56,618  INFO - Starting test method: testClickOnCartButton
2015-09-03 17:41:19,134  INFO - Ending test method testClickOnCartButton
2015-09-03 17:41:19,134 ERROR - <b> Exception: </b>com.trendin.core.util.exceptions.POMMethodExecException: Not able to get the Element. <b> Cause: </b>com.trendin.core.util.exceptions.POMMethodExecException: Could not find the matching element
2015-09-03 17:41:28,725  INFO - Starting test method: testClickOnShopByBrandOptionAndVerify
2015-09-03 17:41:56,975  INFO - Ending test method testClickOnShopByBrandOptionAndVerify
2015-09-03 17:41:57,146  INFO - Starting test method: testClickOnTrendInLogo
2015-09-03 17:42:18,992  INFO - Ending test method testClickOnTrendInLogo
2015-09-03 17:42:19,144  INFO - Starting test method: testExistingUserLoginAndVerify
2015-09-03 17:42:29,551  INFO - Ending test method testExistingUserLoginAndVerify
2015-09-03 17:42:29,561  INFO - Ending test method testExistingUserLoginAndVerify
2015-09-03 17:42:29,574  INFO - Ending test method testExistingUserLoginAndVerify
2015-09-03 17:42:29,574  INFO - Ending test method testExistingUserLoginAndVerify
2015-09-03 17:42:29,574  INFO - Ending test method testExistingUserLoginAndVerify
2015-09-03 17:42:29,584  INFO - Ending test method testExistingUserLoginAndVerify
2015-09-03 17:42:29,584  INFO - Ending test method testExistingUserLoginAndVerify
2015-09-03 17:42:29,584  INFO - Ending test method testExistingUserLoginAndVerify
2015-09-03 17:42:29,594  INFO - Ending test method testExistingUserLoginAndVerify
2015-09-03 17:42:29,594  INFO - Ending test method testExistingUserLoginAndVerify
2015-09-03 17:42:29,604  INFO - Ending test method testExistingUserLoginAndVerify
2015-09-03 17:42:29,604  INFO - Ending test method testExistingUserLoginAndVerify
2015-09-03 17:42:29,614  INFO - Ending test method testExistingUserLoginAndVerify
2015-09-03 17:42:29,624  INFO - Ending test method testExistingUserLoginAndVerify
2015-09-03 17:42:29,624  INFO - Ending test method testExistingUserLoginAndVerify
2015-09-03 17:42:29,634  INFO - Ending test method testExistingUserLoginAndVerify
2015-09-03 17:42:29,644  INFO - Ending test Default test
2015-09-03 17:42:29,714  INFO - Ending suite Default suite
