2015-08-31 11:13:57,705  INFO - Starting suite Default suite
2015-08-31 11:13:57,715  INFO - Starting test Default test
2015-08-31 11:13:57,725  INFO - Starting test method: testExistingUserTextFields
2015-08-31 11:16:49,392  INFO - Ending test method testExistingUserTextFields
2015-08-31 11:16:49,392 ERROR - <b> Exception: </b>com.trendin.core.util.exceptions.POMMethodExecException: Couldn't click on the Change Password button. <b> Cause: </b>com.trendin.core.util.exceptions.POMMethodExecException: Not able to get the Element
2015-08-31 11:16:56,894  INFO - Ending test Default test
2015-08-31 11:16:56,920  INFO - Ending suite Default suite
