2015-08-25 11:14:26,155  INFO - Starting suite Default suite
2015-08-25 11:14:26,165  INFO - Starting test Default test
2015-08-25 11:15:02,379  INFO - Starting test method: testValidateSignUpPageFunctionality
2015-08-25 11:15:04,678  INFO - Ending test method testValidateSignUpPageFunctionality
2015-08-25 11:15:04,678 ERROR - <b> Exception: </b>com.trendin.core.util.exceptions.POMMethodExecException: Unable to enter the name. <b> Cause: </b>java.lang.NullPointerException
2015-08-25 11:15:04,948  INFO - Ending test Default test
2015-08-25 11:15:05,298  INFO - Ending suite Default suite
