2015-09-18 16:18:06,254  INFO - Starting suite Default suite
2015-09-18 16:18:06,263  INFO - Starting test Default test
2015-09-18 16:18:06,274  INFO - Starting test method: testVerifyOrderPlacingByLogginginInAddressPage
2015-09-18 16:19:52,001  INFO - Ending test method testVerifyOrderPlacingByLogginginInAddressPage
2015-09-18 16:19:52,002 ERROR - <b> Exception: </b>com.trendin.core.util.exceptions.POMMethodExecException: Not able to get the Element. <b> Cause: </b>com.trendin.core.util.exceptions.POMMethodExecException: Could not find the matching element
2015-09-18 16:19:53,446  INFO - Ending test Default test
2015-09-18 16:19:53,525  INFO - Ending suite Default suite
