2015-09-24 15:21:36,415  INFO - Starting suite Default suite
2015-09-24 15:21:36,425  INFO - Starting test Default test
2015-09-24 15:21:36,436  INFO - Starting test method: testVerifyOrderPlacingByLogginginInAddressPage
2015-09-24 15:22:24,974  INFO - Ending test method testVerifyOrderPlacingByLogginginInAddressPage
2015-09-24 15:22:24,975 ERROR - <b> Exception: </b>com.trendin.core.util.exceptions.POMMethodExecException: Not able to get the Element. <b> Cause: </b>com.trendin.core.util.exceptions.POMMethodExecException: Could not find the matching element
2015-09-24 15:22:25,472  INFO - Ending test Default test
2015-09-24 15:22:25,498  INFO - Ending suite Default suite
